TACC: Starting up job 1286060
TACC: Starting parallel tasks...
Recieved mpi_init_thread level 0
[libsc] This is libsc 0.7.2.138-dcc0
[libsc] CC                       mpicc
[libsc] C_VERSION                
[libsc] CFLAGS                   -mkl
[libsc] CPP                      mpicc -E
[libsc] CPPFLAGS                 
[libsc] F77                      mpif77
[libsc] FFLAGS                   
[libsc] LDFLAGS                  
[libsc] BLAS_LIBS                
[libsc] LAPACK_LIBS              
[libsc] LIBS                     -llua 
[libsc] FLIBS                    
[p4est] This is p4est 0.3.4.1.188-7059-dirty
[p4est] CC                       mpicc
[p4est] C_VERSION                
[p4est] CFLAGS                   -mkl
[p4est] CPP                      mpicc -E
[p4est] CPPFLAGS                 
[p4est] LDFLAGS                  
[p4est] LIBS                     -llua 
[libsc] Options:
[libsc]    mx: 32
[libsc]    my: 32
[libsc]    initial_dt: 0.005
[libsc]    outstyle: 1
[libsc]    tfinal: 1
[libsc]    nout: 1
[libsc]    nstep: 1
[libsc]    vtkout: 0
[libsc]    vtkspace: 0
[libsc]    vtkwrite: 0
[libsc]    verbosity: 0
[libsc]    serialout: false
[libsc]    prefix: fort
[libsc]    max_cfl: 1
[libsc]    desired_cfl: 0.9
[libsc]    meqn: 1
[libsc]    mbc: 2
[libsc]    mthbc: 1 1 1 1
[libsc]    refratio: 2
[libsc]    minlevel: 3
[libsc]    maxlevel: 3
[libsc]    regrid_interval: 0
[libsc]    ax: 0
[libsc]    bx: 1
[libsc]    ay: 0
[libsc]    by: 1
[libsc]    manifold: false
[libsc]    mapped: false
[libsc]    use_fixed_dt: false
[libsc]    check_conservation: false
[libsc]    subcycle: true
[libsc]    noweightedp: false
[libsc]    order: 2 2
[libsc]    mcapa: 0
[libsc]    maux: 2
[libsc]    src_term: 0
[libsc]    mwaves: 1
[libsc]    mthlim: 4
[libsc] Arguments: none
[p4est] Into p4est_new with min quadrants 0 level 3 uniform 1
[p4est] New p4est with 1 trees on 1 processors
[p4est] Done p4est_new with 64 total quadrants
[p4est] Into p4est_ghost_new CORNER
[p4est] Done p4est_ghost_new
[p4est 0] Local minimum/maximum levels:  3  3
[p4est] Global minimum/maximum levels:  3  3
[p4est 0] Patches on level  3:        64
[p4est 0] Block 0 patch 0 face 0 neighbor 0
[p4est 0] Block 0 patch 0 face 1 neighbor 2
[p4est 0] Block 0 patch 0 face 2 neighbor 0
[p4est 0] Block 0 patch 0 face 3 neighbor 2
[p4est 0] Block 0 patch 0 corner 0 neighbor 0
[p4est 0] Block 0 patch 0 corner 1 neighbor 0
[p4est 0] Block 0 patch 0 corner 2 neighbor 0
[p4est 0] Block 0 patch 0 corner 3 neighbor 2
[p4est 0] Block 0 patch 1 face 0 neighbor 2
[p4est 0] Block 0 patch 1 face 1 neighbor 2
[p4est 0] Block 0 patch 1 face 2 neighbor 0
[p4est 0] Block 0 patch 1 face 3 neighbor 2
[p4est 0] Block 0 patch 1 corner 0 neighbor 0
[p4est 0] Block 0 patch 1 corner 1 neighbor 0
[p4est 0] Block 0 patch 1 corner 2 neighbor 2
[p4est 0] Block 0 patch 1 corner 3 neighbor 2
[p4est 0] Block 0 patch 2 face 0 neighbor 0
[p4est 0] Block 0 patch 2 face 1 neighbor 2
[p4est 0] Block 0 patch 2 face 2 neighbor 2
[p4est 0] Block 0 patch 2 face 3 neighbor 2
[p4est 0] Block 0 patch 2 corner 0 neighbor 0
[p4est 0] Block 0 patch 2 corner 1 neighbor 2
[p4est 0] Block 0 patch 2 corner 2 neighbor 0
[p4est 0] Block 0 patch 2 corner 3 neighbor 2
[p4est 0] Block 0 patch 3 face 0 neighbor 2
[p4est 0] Block 0 patch 3 face 1 neighbor 2
[p4est 0] Block 0 patch 3 face 2 neighbor 2
[p4est 0] Block 0 patch 3 face 3 neighbor 2
[p4est 0] Block 0 patch 3 corner 0 neighbor 2
[p4est 0] Block 0 patch 3 corner 1 neighbor 2
[p4est 0] Block 0 patch 3 corner 2 neighbor 2
[p4est 0] Block 0 patch 3 corner 3 neighbor 2
[p4est 0] Block 0 patch 4 face 0 neighbor 2
[p4est 0] Block 0 patch 4 face 1 neighbor 2
[p4est 0] Block 0 patch 4 face 2 neighbor 0
[p4est 0] Block 0 patch 4 face 3 neighbor 2
[p4est 0] Block 0 patch 4 corner 0 neighbor 0
[p4est 0] Block 0 patch 4 corner 1 neighbor 0
[p4est 0] Block 0 patch 4 corner 2 neighbor 2
[p4est 0] Block 0 patch 4 corner 3 neighbor 2
[p4est 0] Block 0 patch 5 face 0 neighbor 2
[p4est 0] Block 0 patch 5 face 1 neighbor 2
[p4est 0] Block 0 patch 5 face 2 neighbor 0
[p4est 0] Block 0 patch 5 face 3 neighbor 2
[p4est 0] Block 0 patch 5 corner 0 neighbor 0
[p4est 0] Block 0 patch 5 corner 1 neighbor 0
[p4est 0] Block 0 patch 5 corner 2 neighbor 2
[p4est 0] Block 0 patch 5 corner 3 neighbor 2
[p4est 0] Block 0 patch 6 face 0 neighbor 2
[p4est 0] Block 0 patch 6 face 1 neighbor 2
[p4est 0] Block 0 patch 6 face 2 neighbor 2
[p4est 0] Block 0 patch 6 face 3 neighbor 2
[p4est 0] Block 0 patch 6 corner 0 neighbor 2
[p4est 0] Block 0 patch 6 corner 1 neighbor 2
[p4est 0] Block 0 patch 6 corner 2 neighbor 2
[p4est 0] Block 0 patch 6 corner 3 neighbor 2
[p4est 0] Block 0 patch 7 face 0 neighbor 2
[p4est 0] Block 0 patch 7 face 1 neighbor 2
[p4est 0] Block 0 patch 7 face 2 neighbor 2
[p4est 0] Block 0 patch 7 face 3 neighbor 2
[p4est 0] Block 0 patch 7 corner 0 neighbor 2
[p4est 0] Block 0 patch 7 corner 1 neighbor 2
[p4est 0] Block 0 patch 7 corner 2 neighbor 2
[p4est 0] Block 0 patch 7 corner 3 neighbor 2
[p4est 0] Block 0 patch 8 face 0 neighbor 0
[p4est 0] Block 0 patch 8 face 1 neighbor 2
[p4est 0] Block 0 patch 8 face 2 neighbor 2
[p4est 0] Block 0 patch 8 face 3 neighbor 2
[p4est 0] Block 0 patch 8 corner 0 neighbor 0
[p4est 0] Block 0 patch 8 corner 1 neighbor 2
[p4est 0] Block 0 patch 8 corner 2 neighbor 0
[p4est 0] Block 0 patch 8 corner 3 neighbor 2
[p4est 0] Block 0 patch 9 face 0 neighbor 2
[p4est 0] Block 0 patch 9 face 1 neighbor 2
[p4est 0] Block 0 patch 9 face 2 neighbor 2
[p4est 0] Block 0 patch 9 face 3 neighbor 2
[p4est 0] Block 0 patch 9 corner 0 neighbor 2
[p4est 0] Block 0 patch 9 corner 1 neighbor 2
[p4est 0] Block 0 patch 9 corner 2 neighbor 2
[p4est 0] Block 0 patch 9 corner 3 neighbor 2
[p4est 0] Block 0 patch 10 face 0 neighbor 0
[p4est 0] Block 0 patch 10 face 1 neighbor 2
[p4est 0] Block 0 patch 10 face 2 neighbor 2
[p4est 0] Block 0 patch 10 face 3 neighbor 2
[p4est 0] Block 0 patch 10 corner 0 neighbor 0
[p4est 0] Block 0 patch 10 corner 1 neighbor 2
[p4est 0] Block 0 patch 10 corner 2 neighbor 0
[p4est 0] Block 0 patch 10 corner 3 neighbor 2
[p4est 0] Block 0 patch 11 face 0 neighbor 2
[p4est 0] Block 0 patch 11 face 1 neighbor 2
[p4est 0] Block 0 patch 11 face 2 neighbor 2
[p4est 0] Block 0 patch 11 face 3 neighbor 2
[p4est 0] Block 0 patch 11 corner 0 neighbor 2
[p4est 0] Block 0 patch 11 corner 1 neighbor 2
[p4est 0] Block 0 patch 11 corner 2 neighbor 2
[p4est 0] Block 0 patch 11 corner 3 neighbor 2
[p4est 0] Block 0 patch 12 face 0 neighbor 2
[p4est 0] Block 0 patch 12 face 1 neighbor 2
[p4est 0] Block 0 patch 12 face 2 neighbor 2
[p4est 0] Block 0 patch 12 face 3 neighbor 2
[p4est 0] Block 0 patch 12 corner 0 neighbor 2
[p4est 0] Block 0 patch 12 corner 1 neighbor 2
[p4est 0] Block 0 patch 12 corner 2 neighbor 2
[p4est 0] Block 0 patch 12 corner 3 neighbor 2
[p4est 0] Block 0 patch 13 face 0 neighbor 2
[p4est 0] Block 0 patch 13 face 1 neighbor 2
[p4est 0] Block 0 patch 13 face 2 neighbor 2
[p4est 0] Block 0 patch 13 face 3 neighbor 2
[p4est 0] Block 0 patch 13 corner 0 neighbor 2
[p4est 0] Block 0 patch 13 corner 1 neighbor 2
[p4est 0] Block 0 patch 13 corner 2 neighbor 2
[p4est 0] Block 0 patch 13 corner 3 neighbor 2
[p4est 0] Block 0 patch 14 face 0 neighbor 2
[p4est 0] Block 0 patch 14 face 1 neighbor 2
[p4est 0] Block 0 patch 14 face 2 neighbor 2
[p4est 0] Block 0 patch 14 face 3 neighbor 2
[p4est 0] Block 0 patch 14 corner 0 neighbor 2
[p4est 0] Block 0 patch 14 corner 1 neighbor 2
[p4est 0] Block 0 patch 14 corner 2 neighbor 2
[p4est 0] Block 0 patch 14 corner 3 neighbor 2
[p4est 0] Block 0 patch 15 face 0 neighbor 2
[p4est 0] Block 0 patch 15 face 1 neighbor 2
[p4est 0] Block 0 patch 15 face 2 neighbor 2
[p4est 0] Block 0 patch 15 face 3 neighbor 2
[p4est 0] Block 0 patch 15 corner 0 neighbor 2
[p4est 0] Block 0 patch 15 corner 1 neighbor 2
[p4est 0] Block 0 patch 15 corner 2 neighbor 2
[p4est 0] Block 0 patch 15 corner 3 neighbor 2
[p4est 0] Block 0 patch 16 face 0 neighbor 2
[p4est 0] Block 0 patch 16 face 1 neighbor 2
[p4est 0] Block 0 patch 16 face 2 neighbor 0
[p4est 0] Block 0 patch 16 face 3 neighbor 2
[p4est 0] Block 0 patch 16 corner 0 neighbor 0
[p4est 0] Block 0 patch 16 corner 1 neighbor 0
[p4est 0] Block 0 patch 16 corner 2 neighbor 2
[p4est 0] Block 0 patch 16 corner 3 neighbor 2
[p4est 0] Block 0 patch 17 face 0 neighbor 2
[p4est 0] Block 0 patch 17 face 1 neighbor 2
[p4est 0] Block 0 patch 17 face 2 neighbor 0
[p4est 0] Block 0 patch 17 face 3 neighbor 2
[p4est 0] Block 0 patch 17 corner 0 neighbor 0
[p4est 0] Block 0 patch 17 corner 1 neighbor 0
[p4est 0] Block 0 patch 17 corner 2 neighbor 2
[p4est 0] Block 0 patch 17 corner 3 neighbor 2
[p4est 0] Block 0 patch 18 face 0 neighbor 2
[p4est 0] Block 0 patch 18 face 1 neighbor 2
[p4est 0] Block 0 patch 18 face 2 neighbor 2
[p4est 0] Block 0 patch 18 face 3 neighbor 2
[p4est 0] Block 0 patch 18 corner 0 neighbor 2
[p4est 0] Block 0 patch 18 corner 1 neighbor 2
[p4est 0] Block 0 patch 18 corner 2 neighbor 2
[p4est 0] Block 0 patch 18 corner 3 neighbor 2
[p4est 0] Block 0 patch 19 face 0 neighbor 2
[p4est 0] Block 0 patch 19 face 1 neighbor 2
[p4est 0] Block 0 patch 19 face 2 neighbor 2
[p4est 0] Block 0 patch 19 face 3 neighbor 2
[p4est 0] Block 0 patch 19 corner 0 neighbor 2
[p4est 0] Block 0 patch 19 corner 1 neighbor 2
[p4est 0] Block 0 patch 19 corner 2 neighbor 2
[p4est 0] Block 0 patch 19 corner 3 neighbor 2
[p4est 0] Block 0 patch 20 face 0 neighbor 2
[p4est 0] Block 0 patch 20 face 1 neighbor 2
[p4est 0] Block 0 patch 20 face 2 neighbor 0
[p4est 0] Block 0 patch 20 face 3 neighbor 2
[p4est 0] Block 0 patch 20 corner 0 neighbor 0
[p4est 0] Block 0 patch 20 corner 1 neighbor 0
[p4est 0] Block 0 patch 20 corner 2 neighbor 2
[p4est 0] Block 0 patch 20 corner 3 neighbor 2
[p4est 0] Block 0 patch 21 face 0 neighbor 2
[p4est 0] Block 0 patch 21 face 1 neighbor 0
[p4est 0] Block 0 patch 21 face 2 neighbor 0
[p4est 0] Block 0 patch 21 face 3 neighbor 2
[p4est 0] Block 0 patch 21 corner 0 neighbor 0
[p4est 0] Block 0 patch 21 corner 1 neighbor 0
[p4est 0] Block 0 patch 21 corner 2 neighbor 2
[p4est 0] Block 0 patch 21 corner 3 neighbor 0
[p4est 0] Block 0 patch 22 face 0 neighbor 2
[p4est 0] Block 0 patch 22 face 1 neighbor 2
[p4est 0] Block 0 patch 22 face 2 neighbor 2
[p4est 0] Block 0 patch 22 face 3 neighbor 2
[p4est 0] Block 0 patch 22 corner 0 neighbor 2
[p4est 0] Block 0 patch 22 corner 1 neighbor 2
[p4est 0] Block 0 patch 22 corner 2 neighbor 2
[p4est 0] Block 0 patch 22 corner 3 neighbor 2
[p4est 0] Block 0 patch 23 face 0 neighbor 2
[p4est 0] Block 0 patch 23 face 1 neighbor 0
[p4est 0] Block 0 patch 23 face 2 neighbor 2
[p4est 0] Block 0 patch 23 face 3 neighbor 2
[p4est 0] Block 0 patch 23 corner 0 neighbor 2
[p4est 0] Block 0 patch 23 corner 1 neighbor 0
[p4est 0] Block 0 patch 23 corner 2 neighbor 2
[p4est 0] Block 0 patch 23 corner 3 neighbor 0
[p4est 0] Block 0 patch 24 face 0 neighbor 2
[p4est 0] Block 0 patch 24 face 1 neighbor 2
[p4est 0] Block 0 patch 24 face 2 neighbor 2
[p4est 0] Block 0 patch 24 face 3 neighbor 2
[p4est 0] Block 0 patch 24 corner 0 neighbor 2
[p4est 0] Block 0 patch 24 corner 1 neighbor 2
[p4est 0] Block 0 patch 24 corner 2 neighbor 2
[p4est 0] Block 0 patch 24 corner 3 neighbor 2
[p4est 0] Block 0 patch 25 face 0 neighbor 2
[p4est 0] Block 0 patch 25 face 1 neighbor 2
[p4est 0] Block 0 patch 25 face 2 neighbor 2
[p4est 0] Block 0 patch 25 face 3 neighbor 2
[p4est 0] Block 0 patch 25 corner 0 neighbor 2
[p4est 0] Block 0 patch 25 corner 1 neighbor 2
[p4est 0] Block 0 patch 25 corner 2 neighbor 2
[p4est 0] Block 0 patch 25 corner 3 neighbor 2
[p4est 0] Block 0 patch 26 face 0 neighbor 2
[p4est 0] Block 0 patch 26 face 1 neighbor 2
[p4est 0] Block 0 patch 26 face 2 neighbor 2
[p4est 0] Block 0 patch 26 face 3 neighbor 2
[p4est 0] Block 0 patch 26 corner 0 neighbor 2
[p4est 0] Block 0 patch 26 corner 1 neighbor 2
[p4est 0] Block 0 patch 26 corner 2 neighbor 2
[p4est 0] Block 0 patch 26 corner 3 neighbor 2
[p4est 0] Block 0 patch 27 face 0 neighbor 2
[p4est 0] Block 0 patch 27 face 1 neighbor 2
[p4est 0] Block 0 patch 27 face 2 neighbor 2
[p4est 0] Block 0 patch 27 face 3 neighbor 2
[p4est 0] Block 0 patch 27 corner 0 neighbor 2
[p4est 0] Block 0 patch 27 corner 1 neighbor 2
[p4est 0] Block 0 patch 27 corner 2 neighbor 2
[p4est 0] Block 0 patch 27 corner 3 neighbor 2
[p4est 0] Block 0 patch 28 face 0 neighbor 2
[p4est 0] Block 0 patch 28 face 1 neighbor 2
[p4est 0] Block 0 patch 28 face 2 neighbor 2
[p4est 0] Block 0 patch 28 face 3 neighbor 2
[p4est 0] Block 0 patch 28 corner 0 neighbor 2
[p4est 0] Block 0 patch 28 corner 1 neighbor 2
[p4est 0] Block 0 patch 28 corner 2 neighbor 2
[p4est 0] Block 0 patch 28 corner 3 neighbor 2
[p4est 0] Block 0 patch 29 face 0 neighbor 2
[p4est 0] Block 0 patch 29 face 1 neighbor 0
[p4est 0] Block 0 patch 29 face 2 neighbor 2
[p4est 0] Block 0 patch 29 face 3 neighbor 2
[p4est 0] Block 0 patch 29 corner 0 neighbor 2
[p4est 0] Block 0 patch 29 corner 1 neighbor 0
[p4est 0] Block 0 patch 29 corner 2 neighbor 2
[p4est 0] Block 0 patch 29 corner 3 neighbor 0
[p4est 0] Block 0 patch 30 face 0 neighbor 2
[p4est 0] Block 0 patch 30 face 1 neighbor 2
[p4est 0] Block 0 patch 30 face 2 neighbor 2
[p4est 0] Block 0 patch 30 face 3 neighbor 2
[p4est 0] Block 0 patch 30 corner 0 neighbor 2
[p4est 0] Block 0 patch 30 corner 1 neighbor 2
[p4est 0] Block 0 patch 30 corner 2 neighbor 2
[p4est 0] Block 0 patch 30 corner 3 neighbor 2
[p4est 0] Block 0 patch 31 face 0 neighbor 2
[p4est 0] Block 0 patch 31 face 1 neighbor 0
[p4est 0] Block 0 patch 31 face 2 neighbor 2
[p4est 0] Block 0 patch 31 face 3 neighbor 2
[p4est 0] Block 0 patch 31 corner 0 neighbor 2
[p4est 0] Block 0 patch 31 corner 1 neighbor 0
[p4est 0] Block 0 patch 31 corner 2 neighbor 2
[p4est 0] Block 0 patch 31 corner 3 neighbor 0
[p4est 0] Block 0 patch 32 face 0 neighbor 0
[p4est 0] Block 0 patch 32 face 1 neighbor 2
[p4est 0] Block 0 patch 32 face 2 neighbor 2
[p4est 0] Block 0 patch 32 face 3 neighbor 2
[p4est 0] Block 0 patch 32 corner 0 neighbor 0
[p4est 0] Block 0 patch 32 corner 1 neighbor 2
[p4est 0] Block 0 patch 32 corner 2 neighbor 0
[p4est 0] Block 0 patch 32 corner 3 neighbor 2
[p4est 0] Block 0 patch 33 face 0 neighbor 2
[p4est 0] Block 0 patch 33 face 1 neighbor 2
[p4est 0] Block 0 patch 33 face 2 neighbor 2
[p4est 0] Block 0 patch 33 face 3 neighbor 2
[p4est 0] Block 0 patch 33 corner 0 neighbor 2
[p4est 0] Block 0 patch 33 corner 1 neighbor 2
[p4est 0] Block 0 patch 33 corner 2 neighbor 2
[p4est 0] Block 0 patch 33 corner 3 neighbor 2
[p4est 0] Block 0 patch 34 face 0 neighbor 0
[p4est 0] Block 0 patch 34 face 1 neighbor 2
[p4est 0] Block 0 patch 34 face 2 neighbor 2
[p4est 0] Block 0 patch 34 face 3 neighbor 2
[p4est 0] Block 0 patch 34 corner 0 neighbor 0
[p4est 0] Block 0 patch 34 corner 1 neighbor 2
[p4est 0] Block 0 patch 34 corner 2 neighbor 0
[p4est 0] Block 0 patch 34 corner 3 neighbor 2
[p4est 0] Block 0 patch 35 face 0 neighbor 2
[p4est 0] Block 0 patch 35 face 1 neighbor 2
[p4est 0] Block 0 patch 35 face 2 neighbor 2
[p4est 0] Block 0 patch 35 face 3 neighbor 2
[p4est 0] Block 0 patch 35 corner 0 neighbor 2
[p4est 0] Block 0 patch 35 corner 1 neighbor 2
[p4est 0] Block 0 patch 35 corner 2 neighbor 2
[p4est 0] Block 0 patch 35 corner 3 neighbor 2
[p4est 0] Block 0 patch 36 face 0 neighbor 2
[p4est 0] Block 0 patch 36 face 1 neighbor 2
[p4est 0] Block 0 patch 36 face 2 neighbor 2
[p4est 0] Block 0 patch 36 face 3 neighbor 2
[p4est 0] Block 0 patch 36 corner 0 neighbor 2
[p4est 0] Block 0 patch 36 corner 1 neighbor 2
[p4est 0] Block 0 patch 36 corner 2 neighbor 2
[p4est 0] Block 0 patch 36 corner 3 neighbor 2
[p4est 0] Block 0 patch 37 face 0 neighbor 2
[p4est 0] Block 0 patch 37 face 1 neighbor 2
[p4est 0] Block 0 patch 37 face 2 neighbor 2
[p4est 0] Block 0 patch 37 face 3 neighbor 2
[p4est 0] Block 0 patch 37 corner 0 neighbor 2
[p4est 0] Block 0 patch 37 corner 1 neighbor 2
[p4est 0] Block 0 patch 37 corner 2 neighbor 2
[p4est 0] Block 0 patch 37 corner 3 neighbor 2
[p4est 0] Block 0 patch 38 face 0 neighbor 2
[p4est 0] Block 0 patch 38 face 1 neighbor 2
[p4est 0] Block 0 patch 38 face 2 neighbor 2
[p4est 0] Block 0 patch 38 face 3 neighbor 2
[p4est 0] Block 0 patch 38 corner 0 neighbor 2
[p4est 0] Block 0 patch 38 corner 1 neighbor 2
[p4est 0] Block 0 patch 38 corner 2 neighbor 2
[p4est 0] Block 0 patch 38 corner 3 neighbor 2
[p4est 0] Block 0 patch 39 face 0 neighbor 2
[p4est 0] Block 0 patch 39 face 1 neighbor 2
[p4est 0] Block 0 patch 39 face 2 neighbor 2
[p4est 0] Block 0 patch 39 face 3 neighbor 2
[p4est 0] Block 0 patch 39 corner 0 neighbor 2
[p4est 0] Block 0 patch 39 corner 1 neighbor 2
[p4est 0] Block 0 patch 39 corner 2 neighbor 2
[p4est 0] Block 0 patch 39 corner 3 neighbor 2
[p4est 0] Block 0 patch 40 face 0 neighbor 0
[p4est 0] Block 0 patch 40 face 1 neighbor 2
[p4est 0] Block 0 patch 40 face 2 neighbor 2
[p4est 0] Block 0 patch 40 face 3 neighbor 2
[p4est 0] Block 0 patch 40 corner 0 neighbor 0
[p4est 0] Block 0 patch 40 corner 1 neighbor 2
[p4est 0] Block 0 patch 40 corner 2 neighbor 0
[p4est 0] Block 0 patch 40 corner 3 neighbor 2
[p4est 0] Block 0 patch 41 face 0 neighbor 2
[p4est 0] Block 0 patch 41 face 1 neighbor 2
[p4est 0] Block 0 patch 41 face 2 neighbor 2
[p4est 0] Block 0 patch 41 face 3 neighbor 2
[p4est 0] Block 0 patch 41 corner 0 neighbor 2
[p4est 0] Block 0 patch 41 corner 1 neighbor 2
[p4est 0] Block 0 patch 41 corner 2 neighbor 2
[p4est 0] Block 0 patch 41 corner 3 neighbor 2
[p4est 0] Block 0 patch 42 face 0 neighbor 0
[p4est 0] Block 0 patch 42 face 1 neighbor 2
[p4est 0] Block 0 patch 42 face 2 neighbor 2
[p4est 0] Block 0 patch 42 face 3 neighbor 0
[p4est 0] Block 0 patch 42 corner 0 neighbor 0
[p4est 0] Block 0 patch 42 corner 1 neighbor 2
[p4est 0] Block 0 patch 42 corner 2 neighbor 0
[p4est 0] Block 0 patch 42 corner 3 neighbor 0
[p4est 0] Block 0 patch 43 face 0 neighbor 2
[p4est 0] Block 0 patch 43 face 1 neighbor 2
[p4est 0] Block 0 patch 43 face 2 neighbor 2
[p4est 0] Block 0 patch 43 face 3 neighbor 0
[p4est 0] Block 0 patch 43 corner 0 neighbor 2
[p4est 0] Block 0 patch 43 corner 1 neighbor 2
[p4est 0] Block 0 patch 43 corner 2 neighbor 0
[p4est 0] Block 0 patch 43 corner 3 neighbor 0
[p4est 0] Block 0 patch 44 face 0 neighbor 2
[p4est 0] Block 0 patch 44 face 1 neighbor 2
[p4est 0] Block 0 patch 44 face 2 neighbor 2
[p4est 0] Block 0 patch 44 face 3 neighbor 2
[p4est 0] Block 0 patch 44 corner 0 neighbor 2
[p4est 0] Block 0 patch 44 corner 1 neighbor 2
[p4est 0] Block 0 patch 44 corner 2 neighbor 2
[p4est 0] Block 0 patch 44 corner 3 neighbor 2
[p4est 0] Block 0 patch 45 face 0 neighbor 2
[p4est 0] Block 0 patch 45 face 1 neighbor 2
[p4est 0] Block 0 patch 45 face 2 neighbor 2
[p4est 0] Block 0 patch 45 face 3 neighbor 2
[p4est 0] Block 0 patch 45 corner 0 neighbor 2
[p4est 0] Block 0 patch 45 corner 1 neighbor 2
[p4est 0] Block 0 patch 45 corner 2 neighbor 2
[p4est 0] Block 0 patch 45 corner 3 neighbor 2
[p4est 0] Block 0 patch 46 face 0 neighbor 2
[p4est 0] Block 0 patch 46 face 1 neighbor 2
[p4est 0] Block 0 patch 46 face 2 neighbor 2
[p4est 0] Block 0 patch 46 face 3 neighbor 0
[p4est 0] Block 0 patch 46 corner 0 neighbor 2
[p4est 0] Block 0 patch 46 corner 1 neighbor 2
[p4est 0] Block 0 patch 46 corner 2 neighbor 0
[p4est 0] Block 0 patch 46 corner 3 neighbor 0
[p4est 0] Block 0 patch 47 face 0 neighbor 2
[p4est 0] Block 0 patch 47 face 1 neighbor 2
[p4est 0] Block 0 patch 47 face 2 neighbor 2
[p4est 0] Block 0 patch 47 face 3 neighbor 0
[p4est 0] Block 0 patch 47 corner 0 neighbor 2
[p4est 0] Block 0 patch 47 corner 1 neighbor 2
[p4est 0] Block 0 patch 47 corner 2 neighbor 0
[p4est 0] Block 0 patch 47 corner 3 neighbor 0
[p4est 0] Block 0 patch 48 face 0 neighbor 2
[p4est 0] Block 0 patch 48 face 1 neighbor 2
[p4est 0] Block 0 patch 48 face 2 neighbor 2
[p4est 0] Block 0 patch 48 face 3 neighbor 2
[p4est 0] Block 0 patch 48 corner 0 neighbor 2
[p4est 0] Block 0 patch 48 corner 1 neighbor 2
[p4est 0] Block 0 patch 48 corner 2 neighbor 2
[p4est 0] Block 0 patch 48 corner 3 neighbor 2
[p4est 0] Block 0 patch 49 face 0 neighbor 2
[p4est 0] Block 0 patch 49 face 1 neighbor 2
[p4est 0] Block 0 patch 49 face 2 neighbor 2
[p4est 0] Block 0 patch 49 face 3 neighbor 2
[p4est 0] Block 0 patch 49 corner 0 neighbor 2
[p4est 0] Block 0 patch 49 corner 1 neighbor 2
[p4est 0] Block 0 patch 49 corner 2 neighbor 2
[p4est 0] Block 0 patch 49 corner 3 neighbor 2
[p4est 0] Block 0 patch 50 face 0 neighbor 2
[p4est 0] Block 0 patch 50 face 1 neighbor 2
[p4est 0] Block 0 patch 50 face 2 neighbor 2
[p4est 0] Block 0 patch 50 face 3 neighbor 2
[p4est 0] Block 0 patch 50 corner 0 neighbor 2
[p4est 0] Block 0 patch 50 corner 1 neighbor 2
[p4est 0] Block 0 patch 50 corner 2 neighbor 2
[p4est 0] Block 0 patch 50 corner 3 neighbor 2
[p4est 0] Block 0 patch 51 face 0 neighbor 2
[p4est 0] Block 0 patch 51 face 1 neighbor 2
[p4est 0] Block 0 patch 51 face 2 neighbor 2
[p4est 0] Block 0 patch 51 face 3 neighbor 2
[p4est 0] Block 0 patch 51 corner 0 neighbor 2
[p4est 0] Block 0 patch 51 corner 1 neighbor 2
[p4est 0] Block 0 patch 51 corner 2 neighbor 2
[p4est 0] Block 0 patch 51 corner 3 neighbor 2
[p4est 0] Block 0 patch 52 face 0 neighbor 2
[p4est 0] Block 0 patch 52 face 1 neighbor 2
[p4est 0] Block 0 patch 52 face 2 neighbor 2
[p4est 0] Block 0 patch 52 face 3 neighbor 2
[p4est 0] Block 0 patch 52 corner 0 neighbor 2
[p4est 0] Block 0 patch 52 corner 1 neighbor 2
[p4est 0] Block 0 patch 52 corner 2 neighbor 2
[p4est 0] Block 0 patch 52 corner 3 neighbor 2
[p4est 0] Block 0 patch 53 face 0 neighbor 2
[p4est 0] Block 0 patch 53 face 1 neighbor 0
[p4est 0] Block 0 patch 53 face 2 neighbor 2
[p4est 0] Block 0 patch 53 face 3 neighbor 2
[p4est 0] Block 0 patch 53 corner 0 neighbor 2
[p4est 0] Block 0 patch 53 corner 1 neighbor 0
[p4est 0] Block 0 patch 53 corner 2 neighbor 2
[p4est 0] Block 0 patch 53 corner 3 neighbor 0
[p4est 0] Block 0 patch 54 face 0 neighbor 2
[p4est 0] Block 0 patch 54 face 1 neighbor 2
[p4est 0] Block 0 patch 54 face 2 neighbor 2
[p4est 0] Block 0 patch 54 face 3 neighbor 2
[p4est 0] Block 0 patch 54 corner 0 neighbor 2
[p4est 0] Block 0 patch 54 corner 1 neighbor 2
[p4est 0] Block 0 patch 54 corner 2 neighbor 2
[p4est 0] Block 0 patch 54 corner 3 neighbor 2
[p4est 0] Block 0 patch 55 face 0 neighbor 2
[p4est 0] Block 0 patch 55 face 1 neighbor 0
[p4est 0] Block 0 patch 55 face 2 neighbor 2
[p4est 0] Block 0 patch 55 face 3 neighbor 2
[p4est 0] Block 0 patch 55 corner 0 neighbor 2
[p4est 0] Block 0 patch 55 corner 1 neighbor 0
[p4est 0] Block 0 patch 55 corner 2 neighbor 2
[p4est 0] Block 0 patch 55 corner 3 neighbor 0
[p4est 0] Block 0 patch 56 face 0 neighbor 2
[p4est 0] Block 0 patch 56 face 1 neighbor 2
[p4est 0] Block 0 patch 56 face 2 neighbor 2
[p4est 0] Block 0 patch 56 face 3 neighbor 2
[p4est 0] Block 0 patch 56 corner 0 neighbor 2
[p4est 0] Block 0 patch 56 corner 1 neighbor 2
[p4est 0] Block 0 patch 56 corner 2 neighbor 2
[p4est 0] Block 0 patch 56 corner 3 neighbor 2
[p4est 0] Block 0 patch 57 face 0 neighbor 2
[p4est 0] Block 0 patch 57 face 1 neighbor 2
[p4est 0] Block 0 patch 57 face 2 neighbor 2
[p4est 0] Block 0 patch 57 face 3 neighbor 2
[p4est 0] Block 0 patch 57 corner 0 neighbor 2
[p4est 0] Block 0 patch 57 corner 1 neighbor 2
[p4est 0] Block 0 patch 57 corner 2 neighbor 2
[p4est 0] Block 0 patch 57 corner 3 neighbor 2
[p4est 0] Block 0 patch 58 face 0 neighbor 2
[p4est 0] Block 0 patch 58 face 1 neighbor 2
[p4est 0] Block 0 patch 58 face 2 neighbor 2
[p4est 0] Block 0 patch 58 face 3 neighbor 0
[p4est 0] Block 0 patch 58 corner 0 neighbor 2
[p4est 0] Block 0 patch 58 corner 1 neighbor 2
[p4est 0] Block 0 patch 58 corner 2 neighbor 0
[p4est 0] Block 0 patch 58 corner 3 neighbor 0
[p4est 0] Block 0 patch 59 face 0 neighbor 2
[p4est 0] Block 0 patch 59 face 1 neighbor 2
[p4est 0] Block 0 patch 59 face 2 neighbor 2
[p4est 0] Block 0 patch 59 face 3 neighbor 0
[p4est 0] Block 0 patch 59 corner 0 neighbor 2
[p4est 0] Block 0 patch 59 corner 1 neighbor 2
[p4est 0] Block 0 patch 59 corner 2 neighbor 0
[p4est 0] Block 0 patch 59 corner 3 neighbor 0
[p4est 0] Block 0 patch 60 face 0 neighbor 2
[p4est 0] Block 0 patch 60 face 1 neighbor 2
[p4est 0] Block 0 patch 60 face 2 neighbor 2
[p4est 0] Block 0 patch 60 face 3 neighbor 2
[p4est 0] Block 0 patch 60 corner 0 neighbor 2
[p4est 0] Block 0 patch 60 corner 1 neighbor 2
[p4est 0] Block 0 patch 60 corner 2 neighbor 2
[p4est 0] Block 0 patch 60 corner 3 neighbor 2
[p4est 0] Block 0 patch 61 face 0 neighbor 2
[p4est 0] Block 0 patch 61 face 1 neighbor 0
[p4est 0] Block 0 patch 61 face 2 neighbor 2
[p4est 0] Block 0 patch 61 face 3 neighbor 2
[p4est 0] Block 0 patch 61 corner 0 neighbor 2
[p4est 0] Block 0 patch 61 corner 1 neighbor 0
[p4est 0] Block 0 patch 61 corner 2 neighbor 2
[p4est 0] Block 0 patch 61 corner 3 neighbor 0
[p4est 0] Block 0 patch 62 face 0 neighbor 2
[p4est 0] Block 0 patch 62 face 1 neighbor 2
[p4est 0] Block 0 patch 62 face 2 neighbor 2
[p4est 0] Block 0 patch 62 face 3 neighbor 0
[p4est 0] Block 0 patch 62 corner 0 neighbor 2
[p4est 0] Block 0 patch 62 corner 1 neighbor 2
[p4est 0] Block 0 patch 62 corner 2 neighbor 0
[p4est 0] Block 0 patch 62 corner 3 neighbor 0
[p4est 0] Block 0 patch 63 face 0 neighbor 2
[p4est 0] Block 0 patch 63 face 1 neighbor 0
[p4est 0] Block 0 patch 63 face 2 neighbor 2
[p4est 0] Block 0 patch 63 face 3 neighbor 0
[p4est 0] Block 0 patch 63 corner 0 neighbor 2
[p4est 0] Block 0 patch 63 corner 1 neighbor 0
[p4est 0] Block 0 patch 63 corner 2 neighbor 0
[p4est 0] Block 0 patch 63 corner 3 neighbor 0
Global minlevel 3 maxlevel 3
Level 3 step     0 : dt =    5.000e-03; maxcfl (step) =    1.279; Final time =       0.0050
   WARNING : Maximum CFL exceeded; retaking time step
Level 3 step     0 : dt =    3.519e-03; maxcfl (step) =    0.900; Final time =       0.0035
Level 3 step     1 : dt =    3.519e-03; maxcfl (step) =    0.900; Final time =       0.0070
Level 3 step     2 : dt =    3.519e-03; maxcfl (step) =    0.900; Final time =       0.0106
Level 3 step     3 : dt =    3.519e-03; maxcfl (step) =    0.900; Final time =       0.0141
Level 3 step     4 : dt =    3.519e-03; maxcfl (step) =    0.900; Final time =       0.0176
Level 3 step     5 : dt =    3.520e-03; maxcfl (step) =    0.900; Final time =       0.0211
Level 3 step     6 : dt =    3.520e-03; maxcfl (step) =    0.900; Final time =       0.0246
Level 3 step     7 : dt =    3.521e-03; maxcfl (step) =    0.900; Final time =       0.0282
Level 3 step     8 : dt =    3.522e-03; maxcfl (step) =    0.900; Final time =       0.0317
Level 3 step     9 : dt =    3.523e-03; maxcfl (step) =    0.900; Final time =       0.0352
Level 3 step    10 : dt =    3.523e-03; maxcfl (step) =    0.900; Final time =       0.0387
Level 3 step    11 : dt =    3.525e-03; maxcfl (step) =    0.900; Final time =       0.0422
Level 3 step    12 : dt =    3.526e-03; maxcfl (step) =    0.900; Final time =       0.0458
Level 3 step    13 : dt =    3.527e-03; maxcfl (step) =    0.900; Final time =       0.0493
Level 3 step    14 : dt =    3.528e-03; maxcfl (step) =    0.900; Final time =       0.0528
Level 3 step    15 : dt =    3.530e-03; maxcfl (step) =    0.900; Final time =       0.0564
Level 3 step    16 : dt =    3.532e-03; maxcfl (step) =    0.900; Final time =       0.0599
Level 3 step    17 : dt =    3.533e-03; maxcfl (step) =    0.900; Final time =       0.0634
Level 3 step    18 : dt =    3.535e-03; maxcfl (step) =    0.900; Final time =       0.0670
Level 3 step    19 : dt =    3.537e-03; maxcfl (step) =    0.899; Final time =       0.0705
Level 3 step    20 : dt =    3.539e-03; maxcfl (step) =    0.899; Final time =       0.0740
Level 3 step    21 : dt =    3.541e-03; maxcfl (step) =    0.899; Final time =       0.0776
Level 3 step    22 : dt =    3.544e-03; maxcfl (step) =    0.899; Final time =       0.0811
Level 3 step    23 : dt =    3.546e-03; maxcfl (step) =    0.899; Final time =       0.0847
Level 3 step    24 : dt =    3.549e-03; maxcfl (step) =    0.899; Final time =       0.0882
Level 3 step    25 : dt =    3.551e-03; maxcfl (step) =    0.899; Final time =       0.0918
Level 3 step    26 : dt =    3.554e-03; maxcfl (step) =    0.899; Final time =       0.0953
Level 3 step    27 : dt =    3.557e-03; maxcfl (step) =    0.899; Final time =       0.0989
Level 3 step    28 : dt =    3.560e-03; maxcfl (step) =    0.899; Final time =       0.1024
Level 3 step    29 : dt =    3.563e-03; maxcfl (step) =    0.899; Final time =       0.1060
Level 3 step    30 : dt =    3.566e-03; maxcfl (step) =    0.899; Final time =       0.1096
Level 3 step    31 : dt =    3.570e-03; maxcfl (step) =    0.899; Final time =       0.1131
Level 3 step    32 : dt =    3.573e-03; maxcfl (step) =    0.899; Final time =       0.1167
Level 3 step    33 : dt =    3.577e-03; maxcfl (step) =    0.899; Final time =       0.1203
Level 3 step    34 : dt =    3.580e-03; maxcfl (step) =    0.899; Final time =       0.1239
Level 3 step    35 : dt =    3.584e-03; maxcfl (step) =    0.899; Final time =       0.1275
Level 3 step    36 : dt =    3.588e-03; maxcfl (step) =    0.899; Final time =       0.1310
Level 3 step    37 : dt =    3.592e-03; maxcfl (step) =    0.899; Final time =       0.1346
Level 3 step    38 : dt =    3.597e-03; maxcfl (step) =    0.899; Final time =       0.1382
Level 3 step    39 : dt =    3.601e-03; maxcfl (step) =    0.899; Final time =       0.1418
Level 3 step    40 : dt =    3.605e-03; maxcfl (step) =    0.899; Final time =       0.1454
Level 3 step    41 : dt =    3.610e-03; maxcfl (step) =    0.899; Final time =       0.1490
Level 3 step    42 : dt =    3.615e-03; maxcfl (step) =    0.899; Final time =       0.1527
Level 3 step    43 : dt =    3.620e-03; maxcfl (step) =    0.899; Final time =       0.1563
Level 3 step    44 : dt =    3.625e-03; maxcfl (step) =    0.899; Final time =       0.1599
Level 3 step    45 : dt =    3.630e-03; maxcfl (step) =    0.899; Final time =       0.1635
Level 3 step    46 : dt =    3.635e-03; maxcfl (step) =    0.899; Final time =       0.1672
Level 3 step    47 : dt =    3.641e-03; maxcfl (step) =    0.899; Final time =       0.1708
Level 3 step    48 : dt =    3.646e-03; maxcfl (step) =    0.899; Final time =       0.1745
Level 3 step    49 : dt =    3.652e-03; maxcfl (step) =    0.899; Final time =       0.1781
Level 3 step    50 : dt =    3.658e-03; maxcfl (step) =    0.899; Final time =       0.1818
Level 3 step    51 : dt =    3.664e-03; maxcfl (step) =    0.898; Final time =       0.1854
Level 3 step    52 : dt =    3.670e-03; maxcfl (step) =    0.898; Final time =       0.1891
Level 3 step    53 : dt =    3.677e-03; maxcfl (step) =    0.898; Final time =       0.1928
Level 3 step    54 : dt =    3.683e-03; maxcfl (step) =    0.898; Final time =       0.1965
Level 3 step    55 : dt =    3.690e-03; maxcfl (step) =    0.898; Final time =       0.2002
Level 3 step    56 : dt =    3.697e-03; maxcfl (step) =    0.898; Final time =       0.2038
Level 3 step    57 : dt =    3.703e-03; maxcfl (step) =    0.898; Final time =       0.2076
Level 3 step    58 : dt =    3.711e-03; maxcfl (step) =    0.898; Final time =       0.2113
Level 3 step    59 : dt =    3.718e-03; maxcfl (step) =    0.898; Final time =       0.2150
Level 3 step    60 : dt =    3.725e-03; maxcfl (step) =    0.898; Final time =       0.2187
Level 3 step    61 : dt =    3.733e-03; maxcfl (step) =    0.898; Final time =       0.2224
Level 3 step    62 : dt =    3.741e-03; maxcfl (step) =    0.898; Final time =       0.2262
Level 3 step    63 : dt =    3.749e-03; maxcfl (step) =    0.898; Final time =       0.2299
Level 3 step    64 : dt =    3.757e-03; maxcfl (step) =    0.898; Final time =       0.2337
Level 3 step    65 : dt =    3.766e-03; maxcfl (step) =    0.898; Final time =       0.2375
Level 3 step    66 : dt =    3.774e-03; maxcfl (step) =    0.898; Final time =       0.2412
Level 3 step    67 : dt =    3.783e-03; maxcfl (step) =    0.898; Final time =       0.2450
Level 3 step    68 : dt =    3.792e-03; maxcfl (step) =    0.898; Final time =       0.2488
Level 3 step    69 : dt =    3.801e-03; maxcfl (step) =    0.898; Final time =       0.2526
Level 3 step    70 : dt =    3.810e-03; maxcfl (step) =    0.898; Final time =       0.2564
Level 3 step    71 : dt =    3.820e-03; maxcfl (step) =    0.898; Final time =       0.2602
Level 3 step    72 : dt =    3.830e-03; maxcfl (step) =    0.898; Final time =       0.2641
Level 3 step    73 : dt =    3.840e-03; maxcfl (step) =    0.898; Final time =       0.2679
Level 3 step    74 : dt =    3.850e-03; maxcfl (step) =    0.898; Final time =       0.2717
Level 3 step    75 : dt =    3.860e-03; maxcfl (step) =    0.898; Final time =       0.2756
Level 3 step    76 : dt =    3.871e-03; maxcfl (step) =    0.897; Final time =       0.2795
Level 3 step    77 : dt =    3.882e-03; maxcfl (step) =    0.897; Final time =       0.2834
Level 3 step    78 : dt =    3.893e-03; maxcfl (step) =    0.897; Final time =       0.2873
Level 3 step    79 : dt =    3.904e-03; maxcfl (step) =    0.897; Final time =       0.2912
Level 3 step    80 : dt =    3.916e-03; maxcfl (step) =    0.897; Final time =       0.2951
Level 3 step    81 : dt =    3.928e-03; maxcfl (step) =    0.897; Final time =       0.2990
Level 3 step    82 : dt =    3.940e-03; maxcfl (step) =    0.897; Final time =       0.3029
Level 3 step    83 : dt =    3.952e-03; maxcfl (step) =    0.897; Final time =       0.3069
Level 3 step    84 : dt =    3.965e-03; maxcfl (step) =    0.897; Final time =       0.3109
Level 3 step    85 : dt =    3.978e-03; maxcfl (step) =    0.897; Final time =       0.3148
Level 3 step    86 : dt =    3.991e-03; maxcfl (step) =    0.897; Final time =       0.3188
Level 3 step    87 : dt =    4.004e-03; maxcfl (step) =    0.897; Final time =       0.3228
Level 3 step    88 : dt =    4.018e-03; maxcfl (step) =    0.897; Final time =       0.3268
Level 3 step    89 : dt =    4.032e-03; maxcfl (step) =    0.897; Final time =       0.3309
Level 3 step    90 : dt =    4.047e-03; maxcfl (step) =    0.897; Final time =       0.3349
Level 3 step    91 : dt =    4.061e-03; maxcfl (step) =    0.897; Final time =       0.3390
Level 3 step    92 : dt =    4.076e-03; maxcfl (step) =    0.897; Final time =       0.3431
Level 3 step    93 : dt =    4.092e-03; maxcfl (step) =    0.897; Final time =       0.3472
Level 3 step    94 : dt =    4.108e-03; maxcfl (step) =    0.896; Final time =       0.3513
Level 3 step    95 : dt =    4.124e-03; maxcfl (step) =    0.896; Final time =       0.3554
Level 3 step    96 : dt =    4.140e-03; maxcfl (step) =    0.896; Final time =       0.3595
Level 3 step    97 : dt =    4.157e-03; maxcfl (step) =    0.896; Final time =       0.3637
Level 3 step    98 : dt =    4.174e-03; maxcfl (step) =    0.896; Final time =       0.3679
Level 3 step    99 : dt =    4.192e-03; maxcfl (step) =    0.896; Final time =       0.3721
Level 3 step   100 : dt =    4.210e-03; maxcfl (step) =    0.896; Final time =       0.3763
Level 3 step   101 : dt =    4.228e-03; maxcfl (step) =    0.896; Final time =       0.3805
Level 3 step   102 : dt =    4.247e-03; maxcfl (step) =    0.896; Final time =       0.3847
Level 3 step   103 : dt =    4.266e-03; maxcfl (step) =    0.896; Final time =       0.3890
Level 3 step   104 : dt =    4.286e-03; maxcfl (step) =    0.896; Final time =       0.3933
Level 3 step   105 : dt =    4.306e-03; maxcfl (step) =    0.896; Final time =       0.3976
Level 3 step   106 : dt =    4.327e-03; maxcfl (step) =    0.896; Final time =       0.4019
Level 3 step   107 : dt =    4.348e-03; maxcfl (step) =    0.896; Final time =       0.4063
Level 3 step   108 : dt =    4.370e-03; maxcfl (step) =    0.895; Final time =       0.4106
Level 3 step   109 : dt =    4.392e-03; maxcfl (step) =    0.895; Final time =       0.4150
Level 3 step   110 : dt =    4.415e-03; maxcfl (step) =    0.895; Final time =       0.4194
Level 3 step   111 : dt =    4.438e-03; maxcfl (step) =    0.895; Final time =       0.4239
Level 3 step   112 : dt =    4.462e-03; maxcfl (step) =    0.895; Final time =       0.4283
Level 3 step   113 : dt =    4.487e-03; maxcfl (step) =    0.895; Final time =       0.4328
Level 3 step   114 : dt =    4.512e-03; maxcfl (step) =    0.895; Final time =       0.4373
Level 3 step   115 : dt =    4.538e-03; maxcfl (step) =    0.895; Final time =       0.4419
Level 3 step   116 : dt =    4.564e-03; maxcfl (step) =    0.895; Final time =       0.4464
Level 3 step   117 : dt =    4.592e-03; maxcfl (step) =    0.895; Final time =       0.4510
Level 3 step   118 : dt =    4.620e-03; maxcfl (step) =    0.894; Final time =       0.4557
Level 3 step   119 : dt =    4.648e-03; maxcfl (step) =    0.894; Final time =       0.4603
Level 3 step   120 : dt =    4.678e-03; maxcfl (step) =    0.894; Final time =       0.4650
Level 3 step   121 : dt =    4.708e-03; maxcfl (step) =    0.894; Final time =       0.4697
Level 3 step   122 : dt =    4.739e-03; maxcfl (step) =    0.894; Final time =       0.4744
Level 3 step   123 : dt =    4.771e-03; maxcfl (step) =    0.894; Final time =       0.4792
Level 3 step   124 : dt =    4.804e-03; maxcfl (step) =    0.894; Final time =       0.4840
Level 3 step   125 : dt =    4.838e-03; maxcfl (step) =    0.894; Final time =       0.4888
Level 3 step   126 : dt =    4.873e-03; maxcfl (step) =    0.893; Final time =       0.4937
Level 3 step   127 : dt =    4.909e-03; maxcfl (step) =    0.893; Final time =       0.4986
Level 3 step   128 : dt =    4.946e-03; maxcfl (step) =    0.893; Final time =       0.5036
Level 3 step   129 : dt =    4.985e-03; maxcfl (step) =    0.893; Final time =       0.5086
Level 3 step   130 : dt =    5.024e-03; maxcfl (step) =    0.893; Final time =       0.5136
Level 3 step   131 : dt =    5.065e-03; maxcfl (step) =    0.893; Final time =       0.5186
Level 3 step   132 : dt =    5.107e-03; maxcfl (step) =    0.892; Final time =       0.5238
Level 3 step   133 : dt =    5.150e-03; maxcfl (step) =    0.892; Final time =       0.5289
Level 3 step   134 : dt =    5.195e-03; maxcfl (step) =    0.892; Final time =       0.5341
Level 3 step   135 : dt =    5.242e-03; maxcfl (step) =    0.892; Final time =       0.5393
Level 3 step   136 : dt =    5.290e-03; maxcfl (step) =    0.892; Final time =       0.5446
Level 3 step   137 : dt =    5.340e-03; maxcfl (step) =    0.891; Final time =       0.5500
Level 3 step   138 : dt =    5.391e-03; maxcfl (step) =    0.891; Final time =       0.5554
Level 3 step   139 : dt =    5.445e-03; maxcfl (step) =    0.891; Final time =       0.5608
Level 3 step   140 : dt =    5.500e-03; maxcfl (step) =    0.891; Final time =       0.5663
Level 3 step   141 : dt =    5.558e-03; maxcfl (step) =    0.890; Final time =       0.5719
Level 3 step   142 : dt =    5.618e-03; maxcfl (step) =    0.890; Final time =       0.5775
Level 3 step   143 : dt =    5.680e-03; maxcfl (step) =    0.890; Final time =       0.5832
Level 3 step   144 : dt =    5.745e-03; maxcfl (step) =    0.890; Final time =       0.5889
Level 3 step   145 : dt =    5.812e-03; maxcfl (step) =    0.889; Final time =       0.5947
Level 3 step   146 : dt =    5.883e-03; maxcfl (step) =    0.889; Final time =       0.6006
Level 3 step   147 : dt =    5.956e-03; maxcfl (step) =    0.889; Final time =       0.6066
Level 3 step   148 : dt =    6.033e-03; maxcfl (step) =    0.888; Final time =       0.6126
Level 3 step   149 : dt =    6.114e-03; maxcfl (step) =    0.888; Final time =       0.6187
Level 3 step   150 : dt =    6.198e-03; maxcfl (step) =    0.887; Final time =       0.6249
Level 3 step   151 : dt =    6.286e-03; maxcfl (step) =    0.887; Final time =       0.6312
Level 3 step   152 : dt =    6.379e-03; maxcfl (step) =    0.886; Final time =       0.6376
Level 3 step   153 : dt =    6.477e-03; maxcfl (step) =    0.886; Final time =       0.6440
Level 3 step   154 : dt =    6.580e-03; maxcfl (step) =    0.885; Final time =       0.6506
Level 3 step   155 : dt =    6.689e-03; maxcfl (step) =    0.885; Final time =       0.6573
Level 3 step   156 : dt =    6.804e-03; maxcfl (step) =    0.884; Final time =       0.6641
Level 3 step   157 : dt =    6.925e-03; maxcfl (step) =    0.883; Final time =       0.6710
Level 3 step   158 : dt =    7.055e-03; maxcfl (step) =    0.883; Final time =       0.6781
Level 3 step   159 : dt =    7.192e-03; maxcfl (step) =    0.882; Final time =       0.6853
Level 3 step   160 : dt =    7.339e-03; maxcfl (step) =    0.881; Final time =       0.6926
Level 3 step   161 : dt =    7.496e-03; maxcfl (step) =    0.880; Final time =       0.7001
Level 3 step   162 : dt =    7.665e-03; maxcfl (step) =    0.879; Final time =       0.7078
Level 3 step   163 : dt =    7.846e-03; maxcfl (step) =    0.878; Final time =       0.7156
Level 3 step   164 : dt =    8.042e-03; maxcfl (step) =    0.877; Final time =       0.7237
Level 3 step   165 : dt =    8.255e-03; maxcfl (step) =    0.875; Final time =       0.7319
Level 3 step   166 : dt =    8.486e-03; maxcfl (step) =    0.874; Final time =       0.7404
Level 3 step   167 : dt =    8.739e-03; maxcfl (step) =    0.872; Final time =       0.7492
Level 3 step   168 : dt =    9.017e-03; maxcfl (step) =    0.870; Final time =       0.7582
Level 3 step   169 : dt =    9.324e-03; maxcfl (step) =    0.868; Final time =       0.7675
Level 3 step   170 : dt =    9.667e-03; maxcfl (step) =    0.866; Final time =       0.7772
Level 3 step   171 : dt =    1.005e-02; maxcfl (step) =    0.863; Final time =       0.7872
Level 3 step   172 : dt =    1.049e-02; maxcfl (step) =    0.859; Final time =       0.7977
Level 3 step   173 : dt =    1.099e-02; maxcfl (step) =    0.855; Final time =       0.8087
Level 3 step   174 : dt =    1.157e-02; maxcfl (step) =    0.850; Final time =       0.8203
Level 3 step   175 : dt =    1.225e-02; maxcfl (step) =    0.844; Final time =       0.8325
Level 3 step   176 : dt =    1.306e-02; maxcfl (step) =    0.836; Final time =       0.8456
Level 3 step   177 : dt =    1.407e-02; maxcfl (step) =    0.826; Final time =       0.8596
Level 3 step   178 : dt =    1.533e-02; maxcfl (step) =    0.812; Final time =       0.8750
Level 3 step   179 : dt =    1.700e-02; maxcfl (step) =    0.792; Final time =       0.8920
Level 3 step   180 : dt =    1.933e-02; maxcfl (step) =    0.761; Final time =       0.9113
Level 3 step   181 : dt =    2.286e-02; maxcfl (step) =    0.708; Final time =       0.9342
Level 3 step   182 : dt =    2.906e-02; maxcfl (step) =    0.598; Final time =       0.9632
Level 3 step   183 : dt =    3.676e-02; maxcfl (step) =    0.271; Final time =       1.0000
   WARNING : Took small time step which was   84.1% of desired dt.
[libsc] Statistics for INIT
[libsc]    Global number of values:     1
[libsc]    Mean value (std. dev.):         0.0218041 (0 = 0%)
[libsc]    Minimum attained at rank     0: 0.0218041
[libsc]    Maximum attained at rank     0: 0.0218041
[libsc] Statistics for REGRID
[libsc]    Global number of values:     1
[libsc]    Mean value (std. dev.):         0 (0)
[libsc]    Minimum attained at rank     0: 0
[libsc]    Maximum attained at rank     0: 0
[libsc] Statistics for OUTPUT
[libsc]    Global number of values:     1
[libsc]    Mean value (std. dev.):         9.53674e-07 (0 = 0%)
[libsc]    Minimum attained at rank     0: 9.53674e-07
[libsc]    Maximum attained at rank     0: 9.53674e-07
[libsc] Statistics for CHECK
[libsc]    Global number of values:     1
[libsc]    Mean value (std. dev.):         0 (0)
[libsc]    Minimum attained at rank     0: 0
[libsc]    Maximum attained at rank     0: 0
[libsc] Statistics for ADVANCE
[libsc]    Global number of values:     1
[libsc]    Mean value (std. dev.):         4.82308 (0 = 0%)
[libsc]    Minimum attained at rank     0: 4.82308
[libsc]    Maximum attained at rank     0: 4.82308
[libsc] Statistics for EXCHANGE
[libsc]    Global number of values:     1
[libsc]    Mean value (std. dev.):         0.0271075 (0 = 0%)
[libsc]    Minimum attained at rank     0: 0.0271075
[libsc]    Maximum attained at rank     0: 0.0271075
[libsc] Statistics for WALLTIME
[libsc]    Global number of values:     1
[libsc]    Mean value (std. dev.):         4.90362 (0 = 0%)
[libsc]    Minimum attained at rank     0: 4.90362
[libsc]    Maximum attained at rank     0: 4.90362
[libsc] Statistics for UNACCOUNTED
[libsc]    Global number of values:     1
[libsc]    Mean value (std. dev.):         0.0316279 (0 = 0%)
[libsc]    Minimum attained at rank     0: 0.0316279
[libsc]    Maximum attained at rank     0: 0.0316279
[libsc] Procs 1 advance 185 4.82308 exchange 185 0.0271075 regrid 0 0
[libsc] Max/P 1 advance 185 4.82308 exchange 185 0.0271075 regrid 0 0
 
TACC: Shutdown complete. Exiting.
