TACC: Starting up job 1286060
TACC: Starting parallel tasks...
Recieved mpi_init_thread level 0
[libsc] This is libsc 0.7.2.138-dcc0
[libsc] CC                       mpicc
[libsc] C_VERSION                
[libsc] CFLAGS                   -mkl
[libsc] CPP                      mpicc -E
[libsc] CPPFLAGS                 
[libsc] F77                      mpif77
[libsc] FFLAGS                   
[libsc] LDFLAGS                  
[libsc] BLAS_LIBS                
[libsc] LAPACK_LIBS              
[libsc] LIBS                     -llua 
[libsc] FLIBS                    
[p4est] This is p4est 0.3.4.1.188-7059-dirty
[p4est] CC                       mpicc
[p4est] C_VERSION                
[p4est] CFLAGS                   -mkl
[p4est] CPP                      mpicc -E
[p4est] CPPFLAGS                 
[p4est] LDFLAGS                  
[p4est] LIBS                     -llua 
[libsc] Options:
[libsc]    mx: 32
[libsc]    my: 32
[libsc]    initial_dt: 0.005
[libsc]    outstyle: 1
[libsc]    tfinal: 1
[libsc]    nout: 1
[libsc]    nstep: 1
[libsc]    vtkout: 0
[libsc]    vtkspace: 0
[libsc]    vtkwrite: 0
[libsc]    verbosity: 0
[libsc]    serialout: false
[libsc]    prefix: fort
[libsc]    max_cfl: 1
[libsc]    desired_cfl: 0.9
[libsc]    meqn: 1
[libsc]    mbc: 2
[libsc]    mthbc: 1 1 1 1
[libsc]    refratio: 2
[libsc]    minlevel: 1
[libsc]    maxlevel: 1
[libsc]    regrid_interval: 0
[libsc]    ax: 0
[libsc]    bx: 1
[libsc]    ay: 0
[libsc]    by: 1
[libsc]    manifold: false
[libsc]    mapped: false
[libsc]    use_fixed_dt: false
[libsc]    check_conservation: false
[libsc]    subcycle: true
[libsc]    noweightedp: false
[libsc]    order: 2 2
[libsc]    mcapa: 0
[libsc]    maux: 2
[libsc]    src_term: 0
[libsc]    mwaves: 1
[libsc]    mthlim: 4
[libsc] Arguments: none
[p4est] Into p4est_new with min quadrants 0 level 1 uniform 1
[p4est] New p4est with 1 trees on 1 processors
[p4est] Done p4est_new with 4 total quadrants
[p4est] Into p4est_ghost_new CORNER
[p4est] Done p4est_ghost_new
[p4est 0] Local minimum/maximum levels:  1  1
[p4est] Global minimum/maximum levels:  1  1
[p4est 0] Patches on level  1:         4
[p4est 0] Block 0 patch 0 face 0 neighbor 0
[p4est 0] Block 0 patch 0 face 1 neighbor 2
[p4est 0] Block 0 patch 0 face 2 neighbor 0
[p4est 0] Block 0 patch 0 face 3 neighbor 2
[p4est 0] Block 0 patch 0 corner 0 neighbor 0
[p4est 0] Block 0 patch 0 corner 1 neighbor 0
[p4est 0] Block 0 patch 0 corner 2 neighbor 0
[p4est 0] Block 0 patch 0 corner 3 neighbor 2
[p4est 0] Block 0 patch 1 face 0 neighbor 2
[p4est 0] Block 0 patch 1 face 1 neighbor 0
[p4est 0] Block 0 patch 1 face 2 neighbor 0
[p4est 0] Block 0 patch 1 face 3 neighbor 2
[p4est 0] Block 0 patch 1 corner 0 neighbor 0
[p4est 0] Block 0 patch 1 corner 1 neighbor 0
[p4est 0] Block 0 patch 1 corner 2 neighbor 2
[p4est 0] Block 0 patch 1 corner 3 neighbor 0
[p4est 0] Block 0 patch 2 face 0 neighbor 0
[p4est 0] Block 0 patch 2 face 1 neighbor 2
[p4est 0] Block 0 patch 2 face 2 neighbor 2
[p4est 0] Block 0 patch 2 face 3 neighbor 0
[p4est 0] Block 0 patch 2 corner 0 neighbor 0
[p4est 0] Block 0 patch 2 corner 1 neighbor 2
[p4est 0] Block 0 patch 2 corner 2 neighbor 0
[p4est 0] Block 0 patch 2 corner 3 neighbor 0
[p4est 0] Block 0 patch 3 face 0 neighbor 2
[p4est 0] Block 0 patch 3 face 1 neighbor 0
[p4est 0] Block 0 patch 3 face 2 neighbor 2
[p4est 0] Block 0 patch 3 face 3 neighbor 0
[p4est 0] Block 0 patch 3 corner 0 neighbor 2
[p4est 0] Block 0 patch 3 corner 1 neighbor 0
[p4est 0] Block 0 patch 3 corner 2 neighbor 0
[p4est 0] Block 0 patch 3 corner 3 neighbor 0
Global minlevel 1 maxlevel 1
Level 1 step     0 : dt =    5.000e-03; maxcfl (step) =    0.077; Final time =       0.0050
Level 1 step     1 : dt =    5.832e-02; maxcfl (step) =    0.899; Final time =       0.0633
Level 1 step     2 : dt =    5.840e-02; maxcfl (step) =    0.892; Final time =       0.1217
Level 1 step     3 : dt =    5.894e-02; maxcfl (step) =    0.884; Final time =       0.1807
Level 1 step     4 : dt =    6.000e-02; maxcfl (step) =    0.876; Final time =       0.2407
Level 1 step     5 : dt =    6.166e-02; maxcfl (step) =    0.866; Final time =       0.3023
Level 1 step     6 : dt =    6.406e-02; maxcfl (step) =    0.855; Final time =       0.3664
Level 1 step     7 : dt =    6.740e-02; maxcfl (step) =    0.841; Final time =       0.4338
Level 1 step     8 : dt =    7.209e-02; maxcfl (step) =    0.823; Final time =       0.5059
Level 1 step     9 : dt =    7.883e-02; maxcfl (step) =    0.797; Final time =       0.5847
Level 1 step    10 : dt =    8.903e-02; maxcfl (step) =    0.756; Final time =       0.6737
Level 1 step    11 : dt =    1.060e-01; maxcfl (step) =    0.681; Final time =       0.7798
Level 1 step    12 : dt =    1.401e-01; maxcfl (step) =    0.505; Final time =       0.9199
Level 1 step    13 : dt =    8.009e-02; maxcfl (step) =    0.078; Final time =       1.0000
   WARNING : Took small time step which was   32.1% of desired dt.
[libsc] Statistics for INIT
[libsc]    Global number of values:     1
[libsc]    Mean value (std. dev.):         0.00152683 (0 = 0%)
[libsc]    Minimum attained at rank     0: 0.00152683
[libsc]    Maximum attained at rank     0: 0.00152683
[libsc] Statistics for REGRID
[libsc]    Global number of values:     1
[libsc]    Mean value (std. dev.):         0 (0)
[libsc]    Minimum attained at rank     0: 0
[libsc]    Maximum attained at rank     0: 0
[libsc] Statistics for OUTPUT
[libsc]    Global number of values:     1
[libsc]    Mean value (std. dev.):         0 (0)
[libsc]    Minimum attained at rank     0: 0
[libsc]    Maximum attained at rank     0: 0
[libsc] Statistics for CHECK
[libsc]    Global number of values:     1
[libsc]    Mean value (std. dev.):         0 (0)
[libsc]    Minimum attained at rank     0: 0
[libsc]    Maximum attained at rank     0: 0
[libsc] Statistics for ADVANCE
[libsc]    Global number of values:     1
[libsc]    Mean value (std. dev.):         0.0705147 (0 = 0%)
[libsc]    Minimum attained at rank     0: 0.0705147
[libsc]    Maximum attained at rank     0: 0.0705147
[libsc] Statistics for EXCHANGE
[libsc]    Global number of values:     1
[libsc]    Mean value (std. dev.):         0.000145197 (0 = 0%)
[libsc]    Minimum attained at rank     0: 0.000145197
[libsc]    Maximum attained at rank     0: 0.000145197
[libsc] Statistics for WALLTIME
[libsc]    Global number of values:     1
[libsc]    Mean value (std. dev.):         0.0752151 (0 = 0%)
[libsc]    Minimum attained at rank     0: 0.0752151
[libsc]    Maximum attained at rank     0: 0.0752151
[libsc] Statistics for UNACCOUNTED
[libsc]    Global number of values:     1
[libsc]    Mean value (std. dev.):         0.00302839 (0 = 0%)
[libsc]    Minimum attained at rank     0: 0.00302839
[libsc]    Maximum attained at rank     0: 0.00302839
[libsc] Procs 1 advance 14 0.0705147 exchange 14 0.000145197 regrid 0 0
[libsc] Max/P 1 advance 14 0.0705147 exchange 14 0.000145197 regrid 0 0
 
TACC: Shutdown complete. Exiting.
