UNIFORM
Starting /work/00846/carsten/local/forestclaw/sphere/sphere -F ../sphere_defaults.ini             -W /work/00846/carsten/local/forestclaw/sphere/fclaw2d_waveprop.ini             --prefix=/scratch/00846/carsten/forestclaw/sphr.1671443             --minlevel=8 --maxlevel=8 --regrid_interval=0 	    --tfinal=0.2
TACC: Starting up job 1671443
TACC: Setting up parallel environment for MVAPICH2+mpispawn.
TACC: Starting parallel tasks...
Recieved mpi_init_thread level 0
Recieved mpi_init_thread level 0
Recieved mpi_init_thread level 0
Recieved mpi_init_thread level 0
Recieved mpi_init_thread level 0
Recieved mpi_init_thread level 0
Recieved mpi_init_thread level 0
Recieved mpi_init_thread level 0
Recieved mpi_init_thread level 0
Recieved mpi_init_thread level 0
Recieved mpi_init_thread level 0
Recieved mpi_init_thread level 0
Recieved mpi_init_thread level 0
Recieved mpi_init_thread level 0
Recieved mpi_init_thread level 0
Recieved mpi_init_thread level 0
[libsc] This is libsc 0.7.2.138-dcc0
[libsc] CC                       mpicc
[libsc] C_VERSION                GNU ld version 2.20.51.0.2-5.36.el6 20100205
[libsc] CFLAGS                   -Wall -xhost -opt-prefetch
[libsc] CPP                      mpicc -E
[libsc] CPPFLAGS                 
[libsc] F77                      mpif77
[libsc] FFLAGS                   
[libsc] LDFLAGS                  
[libsc] BLAS_LIBS                
[libsc] LAPACK_LIBS              
[libsc] LIBS                     -llua 
[libsc] FLIBS                    
[p4est] This is p4est 0.3.4.1.195-e65e
[p4est] CC                       mpicc
[p4est] C_VERSION                GNU ld version 2.20.51.0.2-5.36.el6 20100205
[p4est] CFLAGS                   -Wall -xhost -opt-prefetch
[p4est] CPP                      mpicc -E
[p4est] CPPFLAGS                 
[p4est] LDFLAGS                  
[p4est] LIBS                     -llua 
[libsc] Options:
[libsc]    mx: 16
[libsc]    my: 16
[libsc]    initial_dt: 0.02
[libsc]    outstyle: 1
[libsc]    tfinal: 0.2
[libsc]    nout: 1
[libsc]    nstep: 1
[libsc]    vtkout: 0
[libsc]    vtkspace: 0
[libsc]    vtkwrite: 0
[libsc]    verbosity: 0
[libsc]    serialout: false
[libsc]    prefix: /scratch/00846/carsten/forestclaw/sphr.1671443
[libsc]    max_cfl: 1
[libsc]    desired_cfl: 0.9
[libsc]    meqn: 1
[libsc]    mbc: 2
[libsc]    mthbc: 1 1 1 1
[libsc]    refratio: 2
[libsc]    minlevel: 8
[libsc]    maxlevel: 8
[libsc]    regrid_interval: 0
[libsc]    ax: 0
[libsc]    bx: 1
[libsc]    ay: 0
[libsc]    by: 1
[libsc]    manifold: true
[libsc]    mapped: false
[libsc]    use_fixed_dt: false
[libsc]    check_conservation: false
[libsc]    subcycle: false
[libsc]    noweightedp: false
[libsc]    order: 2 2
[libsc]    mcapa: 1
[libsc]    maux: 3
[libsc]    src_term: 0
[libsc]    mwaves: 1
[libsc]    mthlim: 4
[libsc] Arguments: none
[p4est] Into p4est_new with min quadrants 0 level 8 uniform 1
[p4est] New p4est with 2 trees on 16 processors
[p4est] Done p4est_new with 131072 total quadrants
[p4est] Into p4est_ghost_new CORNER
[p4est] Done p4est_ghost_new
Building initial domain
  -- Rebuilding patches ... Done
  -- Setting up parallel ghost exchange ... Done
Done
Global minlevel 8 maxlevel 8
Level 8 step     0 : dt =    2.000e-02; maxcfl (step) =   47.546; Final time =       0.0200
   WARNING : Maximum CFL exceeded; retaking time step
Level 8 step     0 : dt =    3.786e-04; maxcfl (step) =    0.900; Final time =       0.0004
Level 8 step     1 : dt =    3.786e-04; maxcfl (step) =    0.900; Final time =       0.0008
Level 8 step     2 : dt =    3.786e-04; maxcfl (step) =    0.900; Final time =       0.0011
Level 8 step     3 : dt =    3.786e-04; maxcfl (step) =    0.900; Final time =       0.0015
Level 8 step     4 : dt =    3.786e-04; maxcfl (step) =    0.900; Final time =       0.0019
Level 8 step     5 : dt =    3.786e-04; maxcfl (step) =    0.900; Final time =       0.0023
Level 8 step     6 : dt =    3.786e-04; maxcfl (step) =    0.900; Final time =       0.0027
Level 8 step     7 : dt =    3.786e-04; maxcfl (step) =    0.900; Final time =       0.0030
Level 8 step     8 : dt =    3.786e-04; maxcfl (step) =    0.900; Final time =       0.0034
Level 8 step     9 : dt =    3.786e-04; maxcfl (step) =    0.900; Final time =       0.0038
Level 8 step    10 : dt =    3.786e-04; maxcfl (step) =    0.900; Final time =       0.0042
Level 8 step    11 : dt =    3.786e-04; maxcfl (step) =    0.900; Final time =       0.0045
Level 8 step    12 : dt =    3.786e-04; maxcfl (step) =    0.900; Final time =       0.0049
Level 8 step    13 : dt =    3.786e-04; maxcfl (step) =    0.900; Final time =       0.0053
Level 8 step    14 : dt =    3.786e-04; maxcfl (step) =    0.900; Final time =       0.0057
Level 8 step    15 : dt =    3.786e-04; maxcfl (step) =    0.900; Final time =       0.0061
Level 8 step    16 : dt =    3.786e-04; maxcfl (step) =    0.900; Final time =       0.0064
Level 8 step    17 : dt =    3.786e-04; maxcfl (step) =    0.900; Final time =       0.0068
Level 8 step    18 : dt =    3.786e-04; maxcfl (step) =    0.900; Final time =       0.0072
Level 8 step    19 : dt =    3.786e-04; maxcfl (step) =    0.900; Final time =       0.0076
Level 8 step    20 : dt =    3.786e-04; maxcfl (step) =    0.900; Final time =       0.0080
Level 8 step    21 : dt =    3.786e-04; maxcfl (step) =    0.900; Final time =       0.0083
Level 8 step    22 : dt =    3.786e-04; maxcfl (step) =    0.900; Final time =       0.0087
Level 8 step    23 : dt =    3.786e-04; maxcfl (step) =    0.900; Final time =       0.0091
Level 8 step    24 : dt =    3.786e-04; maxcfl (step) =    0.900; Final time =       0.0095
Level 8 step    25 : dt =    3.786e-04; maxcfl (step) =    0.900; Final time =       0.0098
Level 8 step    26 : dt =    3.786e-04; maxcfl (step) =    0.900; Final time =       0.0102
Level 8 step    27 : dt =    3.786e-04; maxcfl (step) =    0.900; Final time =       0.0106
Level 8 step    28 : dt =    3.786e-04; maxcfl (step) =    0.900; Final time =       0.0110
Level 8 step    29 : dt =    3.786e-04; maxcfl (step) =    0.900; Final time =       0.0114
Level 8 step    30 : dt =    3.786e-04; maxcfl (step) =    0.900; Final time =       0.0117
Level 8 step    31 : dt =    3.786e-04; maxcfl (step) =    0.900; Final time =       0.0121
Level 8 step    32 : dt =    3.786e-04; maxcfl (step) =    0.900; Final time =       0.0125
Level 8 step    33 : dt =    3.786e-04; maxcfl (step) =    0.900; Final time =       0.0129
Level 8 step    34 : dt =    3.786e-04; maxcfl (step) =    0.900; Final time =       0.0133
Level 8 step    35 : dt =    3.786e-04; maxcfl (step) =    0.900; Final time =       0.0136
Level 8 step    36 : dt =    3.786e-04; maxcfl (step) =    0.900; Final time =       0.0140
Level 8 step    37 : dt =    3.786e-04; maxcfl (step) =    0.900; Final time =       0.0144
Level 8 step    38 : dt =    3.786e-04; maxcfl (step) =    0.900; Final time =       0.0148
Level 8 step    39 : dt =    3.786e-04; maxcfl (step) =    0.900; Final time =       0.0151
Level 8 step    40 : dt =    3.786e-04; maxcfl (step) =    0.900; Final time =       0.0155
Level 8 step    41 : dt =    3.786e-04; maxcfl (step) =    0.900; Final time =       0.0159
Level 8 step    42 : dt =    3.786e-04; maxcfl (step) =    0.900; Final time =       0.0163
Level 8 step    43 : dt =    3.786e-04; maxcfl (step) =    0.900; Final time =       0.0167
Level 8 step    44 : dt =    3.786e-04; maxcfl (step) =    0.900; Final time =       0.0170
Level 8 step    45 : dt =    3.786e-04; maxcfl (step) =    0.900; Final time =       0.0174
Level 8 step    46 : dt =    3.786e-04; maxcfl (step) =    0.900; Final time =       0.0178
Level 8 step    47 : dt =    3.786e-04; maxcfl (step) =    0.900; Final time =       0.0182
Level 8 step    48 : dt =    3.786e-04; maxcfl (step) =    0.900; Final time =       0.0186
Level 8 step    49 : dt =    3.786e-04; maxcfl (step) =    0.900; Final time =       0.0189
Level 8 step    50 : dt =    3.786e-04; maxcfl (step) =    0.900; Final time =       0.0193
Level 8 step    51 : dt =    3.786e-04; maxcfl (step) =    0.900; Final time =       0.0197
Level 8 step    52 : dt =    3.786e-04; maxcfl (step) =    0.900; Final time =       0.0201
Level 8 step    53 : dt =    3.786e-04; maxcfl (step) =    0.900; Final time =       0.0204
Level 8 step    54 : dt =    3.786e-04; maxcfl (step) =    0.900; Final time =       0.0208
Level 8 step    55 : dt =    3.786e-04; maxcfl (step) =    0.900; Final time =       0.0212
Level 8 step    56 : dt =    3.786e-04; maxcfl (step) =    0.900; Final time =       0.0216
Level 8 step    57 : dt =    3.786e-04; maxcfl (step) =    0.900; Final time =       0.0220
Level 8 step    58 : dt =    3.786e-04; maxcfl (step) =    0.900; Final time =       0.0223
Level 8 step    59 : dt =    3.786e-04; maxcfl (step) =    0.900; Final time =       0.0227
Level 8 step    60 : dt =    3.786e-04; maxcfl (step) =    0.900; Final time =       0.0231
Level 8 step    61 : dt =    3.786e-04; maxcfl (step) =    0.900; Final time =       0.0235
Level 8 step    62 : dt =    3.786e-04; maxcfl (step) =    0.900; Final time =       0.0239
Level 8 step    63 : dt =    3.786e-04; maxcfl (step) =    0.900; Final time =       0.0242
Level 8 step    64 : dt =    3.786e-04; maxcfl (step) =    0.900; Final time =       0.0246
Level 8 step    65 : dt =    3.786e-04; maxcfl (step) =    0.900; Final time =       0.0250
Level 8 step    66 : dt =    3.786e-04; maxcfl (step) =    0.900; Final time =       0.0254
Level 8 step    67 : dt =    3.786e-04; maxcfl (step) =    0.900; Final time =       0.0257
Level 8 step    68 : dt =    3.786e-04; maxcfl (step) =    0.900; Final time =       0.0261
Level 8 step    69 : dt =    3.786e-04; maxcfl (step) =    0.900; Final time =       0.0265
Level 8 step    70 : dt =    3.786e-04; maxcfl (step) =    0.900; Final time =       0.0269
Level 8 step    71 : dt =    3.786e-04; maxcfl (step) =    0.900; Final time =       0.0273
Level 8 step    72 : dt =    3.786e-04; maxcfl (step) =    0.900; Final time =       0.0276
Level 8 step    73 : dt =    3.786e-04; maxcfl (step) =    0.900; Final time =       0.0280
Level 8 step    74 : dt =    3.786e-04; maxcfl (step) =    0.900; Final time =       0.0284
Level 8 step    75 : dt =    3.786e-04; maxcfl (step) =    0.900; Final time =       0.0288
Level 8 step    76 : dt =    3.786e-04; maxcfl (step) =    0.900; Final time =       0.0292
Level 8 step    77 : dt =    3.786e-04; maxcfl (step) =    0.900; Final time =       0.0295
Level 8 step    78 : dt =    3.786e-04; maxcfl (step) =    0.900; Final time =       0.0299
Level 8 step    79 : dt =    3.786e-04; maxcfl (step) =    0.900; Final time =       0.0303
Level 8 step    80 : dt =    3.786e-04; maxcfl (step) =    0.900; Final time =       0.0307
Level 8 step    81 : dt =    3.786e-04; maxcfl (step) =    0.900; Final time =       0.0310
Level 8 step    82 : dt =    3.786e-04; maxcfl (step) =    0.900; Final time =       0.0314
Level 8 step    83 : dt =    3.786e-04; maxcfl (step) =    0.900; Final time =       0.0318
Level 8 step    84 : dt =    3.786e-04; maxcfl (step) =    0.900; Final time =       0.0322
Level 8 step    85 : dt =    3.786e-04; maxcfl (step) =    0.900; Final time =       0.0326
Level 8 step    86 : dt =    3.786e-04; maxcfl (step) =    0.900; Final time =       0.0329
Level 8 step    87 : dt =    3.786e-04; maxcfl (step) =    0.900; Final time =       0.0333
Level 8 step    88 : dt =    3.786e-04; maxcfl (step) =    0.900; Final time =       0.0337
Level 8 step    89 : dt =    3.786e-04; maxcfl (step) =    0.900; Final time =       0.0341
Level 8 step    90 : dt =    3.786e-04; maxcfl (step) =    0.900; Final time =       0.0345
Level 8 step    91 : dt =    3.786e-04; maxcfl (step) =    0.900; Final time =       0.0348
Level 8 step    92 : dt =    3.786e-04; maxcfl (step) =    0.900; Final time =       0.0352
Level 8 step    93 : dt =    3.786e-04; maxcfl (step) =    0.900; Final time =       0.0356
Level 8 step    94 : dt =    3.786e-04; maxcfl (step) =    0.900; Final time =       0.0360
Level 8 step    95 : dt =    3.786e-04; maxcfl (step) =    0.900; Final time =       0.0363
Level 8 step    96 : dt =    3.786e-04; maxcfl (step) =    0.900; Final time =       0.0367
Level 8 step    97 : dt =    3.786e-04; maxcfl (step) =    0.900; Final time =       0.0371
Level 8 step    98 : dt =    3.786e-04; maxcfl (step) =    0.900; Final time =       0.0375
Level 8 step    99 : dt =    3.786e-04; maxcfl (step) =    0.900; Final time =       0.0379
Level 8 step   100 : dt =    3.786e-04; maxcfl (step) =    0.900; Final time =       0.0382
Level 8 step   101 : dt =    3.786e-04; maxcfl (step) =    0.900; Final time =       0.0386
Level 8 step   102 : dt =    3.786e-04; maxcfl (step) =    0.900; Final time =       0.0390
Level 8 step   103 : dt =    3.786e-04; maxcfl (step) =    0.900; Final time =       0.0394
Level 8 step   104 : dt =    3.786e-04; maxcfl (step) =    0.900; Final time =       0.0398
Level 8 step   105 : dt =    3.786e-04; maxcfl (step) =    0.900; Final time =       0.0401
Level 8 step   106 : dt =    3.786e-04; maxcfl (step) =    0.900; Final time =       0.0405
Level 8 step   107 : dt =    3.786e-04; maxcfl (step) =    0.900; Final time =       0.0409
Level 8 step   108 : dt =    3.786e-04; maxcfl (step) =    0.900; Final time =       0.0413
Level 8 step   109 : dt =    3.786e-04; maxcfl (step) =    0.900; Final time =       0.0416
Level 8 step   110 : dt =    3.786e-04; maxcfl (step) =    0.900; Final time =       0.0420
Level 8 step   111 : dt =    3.786e-04; maxcfl (step) =    0.900; Final time =       0.0424
Level 8 step   112 : dt =    3.786e-04; maxcfl (step) =    0.900; Final time =       0.0428
Level 8 step   113 : dt =    3.786e-04; maxcfl (step) =    0.900; Final time =       0.0432
Level 8 step   114 : dt =    3.786e-04; maxcfl (step) =    0.900; Final time =       0.0435
Level 8 step   115 : dt =    3.786e-04; maxcfl (step) =    0.900; Final time =       0.0439
Level 8 step   116 : dt =    3.786e-04; maxcfl (step) =    0.900; Final time =       0.0443
Level 8 step   117 : dt =    3.786e-04; maxcfl (step) =    0.900; Final time =       0.0447
Level 8 step   118 : dt =    3.786e-04; maxcfl (step) =    0.900; Final time =       0.0451
Level 8 step   119 : dt =    3.786e-04; maxcfl (step) =    0.900; Final time =       0.0454
Level 8 step   120 : dt =    3.786e-04; maxcfl (step) =    0.900; Final time =       0.0458
Level 8 step   121 : dt =    3.786e-04; maxcfl (step) =    0.900; Final time =       0.0462
Level 8 step   122 : dt =    3.786e-04; maxcfl (step) =    0.900; Final time =       0.0466
Level 8 step   123 : dt =    3.786e-04; maxcfl (step) =    0.900; Final time =       0.0469
Level 8 step   124 : dt =    3.786e-04; maxcfl (step) =    0.900; Final time =       0.0473
Level 8 step   125 : dt =    3.786e-04; maxcfl (step) =    0.900; Final time =       0.0477
Level 8 step   126 : dt =    3.786e-04; maxcfl (step) =    0.900; Final time =       0.0481
Level 8 step   127 : dt =    3.786e-04; maxcfl (step) =    0.900; Final time =       0.0485
Level 8 step   128 : dt =    3.786e-04; maxcfl (step) =    0.900; Final time =       0.0488
Level 8 step   129 : dt =    3.786e-04; maxcfl (step) =    0.900; Final time =       0.0492
Level 8 step   130 : dt =    3.786e-04; maxcfl (step) =    0.900; Final time =       0.0496
Level 8 step   131 : dt =    3.786e-04; maxcfl (step) =    0.900; Final time =       0.0500
Level 8 step   132 : dt =    3.786e-04; maxcfl (step) =    0.900; Final time =       0.0504
Level 8 step   133 : dt =    3.786e-04; maxcfl (step) =    0.900; Final time =       0.0507
Level 8 step   134 : dt =    3.786e-04; maxcfl (step) =    0.900; Final time =       0.0511
Level 8 step   135 : dt =    3.786e-04; maxcfl (step) =    0.900; Final time =       0.0515
Level 8 step   136 : dt =    3.786e-04; maxcfl (step) =    0.900; Final time =       0.0519
Level 8 step   137 : dt =    3.786e-04; maxcfl (step) =    0.900; Final time =       0.0522
Level 8 step   138 : dt =    3.786e-04; maxcfl (step) =    0.900; Final time =       0.0526
Level 8 step   139 : dt =    3.786e-04; maxcfl (step) =    0.900; Final time =       0.0530
Level 8 step   140 : dt =    3.786e-04; maxcfl (step) =    0.900; Final time =       0.0534
Level 8 step   141 : dt =    3.786e-04; maxcfl (step) =    0.900; Final time =       0.0538
Level 8 step   142 : dt =    3.786e-04; maxcfl (step) =    0.900; Final time =       0.0541
Level 8 step   143 : dt =    3.786e-04; maxcfl (step) =    0.900; Final time =       0.0545
Level 8 step   144 : dt =    3.786e-04; maxcfl (step) =    0.900; Final time =       0.0549
Level 8 step   145 : dt =    3.786e-04; maxcfl (step) =    0.900; Final time =       0.0553
Level 8 step   146 : dt =    3.786e-04; maxcfl (step) =    0.900; Final time =       0.0557
Level 8 step   147 : dt =    3.786e-04; maxcfl (step) =    0.900; Final time =       0.0560
Level 8 step   148 : dt =    3.786e-04; maxcfl (step) =    0.900; Final time =       0.0564
Level 8 step   149 : dt =    3.786e-04; maxcfl (step) =    0.900; Final time =       0.0568
Level 8 step   150 : dt =    3.786e-04; maxcfl (step) =    0.900; Final time =       0.0572
Level 8 step   151 : dt =    3.786e-04; maxcfl (step) =    0.900; Final time =       0.0575
Level 8 step   152 : dt =    3.786e-04; maxcfl (step) =    0.900; Final time =       0.0579
Level 8 step   153 : dt =    3.786e-04; maxcfl (step) =    0.900; Final time =       0.0583
Level 8 step   154 : dt =    3.786e-04; maxcfl (step) =    0.900; Final time =       0.0587
Level 8 step   155 : dt =    3.786e-04; maxcfl (step) =    0.900; Final time =       0.0591
Level 8 step   156 : dt =    3.786e-04; maxcfl (step) =    0.900; Final time =       0.0594
Level 8 step   157 : dt =    3.786e-04; maxcfl (step) =    0.900; Final time =       0.0598
Level 8 step   158 : dt =    3.786e-04; maxcfl (step) =    0.900; Final time =       0.0602
Level 8 step   159 : dt =    3.786e-04; maxcfl (step) =    0.900; Final time =       0.0606
Level 8 step   160 : dt =    3.786e-04; maxcfl (step) =    0.900; Final time =       0.0610
Level 8 step   161 : dt =    3.786e-04; maxcfl (step) =    0.900; Final time =       0.0613
Level 8 step   162 : dt =    3.786e-04; maxcfl (step) =    0.900; Final time =       0.0617
Level 8 step   163 : dt =    3.786e-04; maxcfl (step) =    0.900; Final time =       0.0621
Level 8 step   164 : dt =    3.786e-04; maxcfl (step) =    0.900; Final time =       0.0625
Level 8 step   165 : dt =    3.786e-04; maxcfl (step) =    0.900; Final time =       0.0628
Level 8 step   166 : dt =    3.786e-04; maxcfl (step) =    0.900; Final time =       0.0632
Level 8 step   167 : dt =    3.786e-04; maxcfl (step) =    0.900; Final time =       0.0636
Level 8 step   168 : dt =    3.786e-04; maxcfl (step) =    0.900; Final time =       0.0640
Level 8 step   169 : dt =    3.786e-04; maxcfl (step) =    0.900; Final time =       0.0644
Level 8 step   170 : dt =    3.786e-04; maxcfl (step) =    0.900; Final time =       0.0647
Level 8 step   171 : dt =    3.786e-04; maxcfl (step) =    0.900; Final time =       0.0651
Level 8 step   172 : dt =    3.786e-04; maxcfl (step) =    0.900; Final time =       0.0655
Level 8 step   173 : dt =    3.786e-04; maxcfl (step) =    0.900; Final time =       0.0659
Level 8 step   174 : dt =    3.786e-04; maxcfl (step) =    0.900; Final time =       0.0663
Level 8 step   175 : dt =    3.786e-04; maxcfl (step) =    0.900; Final time =       0.0666
Level 8 step   176 : dt =    3.786e-04; maxcfl (step) =    0.900; Final time =       0.0670
Level 8 step   177 : dt =    3.786e-04; maxcfl (step) =    0.900; Final time =       0.0674
Level 8 step   178 : dt =    3.786e-04; maxcfl (step) =    0.900; Final time =       0.0678
Level 8 step   179 : dt =    3.786e-04; maxcfl (step) =    0.900; Final time =       0.0681
Level 8 step   180 : dt =    3.786e-04; maxcfl (step) =    0.900; Final time =       0.0685
Level 8 step   181 : dt =    3.786e-04; maxcfl (step) =    0.900; Final time =       0.0689
Level 8 step   182 : dt =    3.786e-04; maxcfl (step) =    0.900; Final time =       0.0693
Level 8 step   183 : dt =    3.786e-04; maxcfl (step) =    0.900; Final time =       0.0697
Level 8 step   184 : dt =    3.786e-04; maxcfl (step) =    0.900; Final time =       0.0700
Level 8 step   185 : dt =    3.786e-04; maxcfl (step) =    0.900; Final time =       0.0704
Level 8 step   186 : dt =    3.786e-04; maxcfl (step) =    0.900; Final time =       0.0708
Level 8 step   187 : dt =    3.786e-04; maxcfl (step) =    0.900; Final time =       0.0712
Level 8 step   188 : dt =    3.786e-04; maxcfl (step) =    0.900; Final time =       0.0716
Level 8 step   189 : dt =    3.786e-04; maxcfl (step) =    0.900; Final time =       0.0719
Level 8 step   190 : dt =    3.786e-04; maxcfl (step) =    0.900; Final time =       0.0723
Level 8 step   191 : dt =    3.786e-04; maxcfl (step) =    0.900; Final time =       0.0727
Level 8 step   192 : dt =    3.786e-04; maxcfl (step) =    0.900; Final time =       0.0731
Level 8 step   193 : dt =    3.786e-04; maxcfl (step) =    0.900; Final time =       0.0734
Level 8 step   194 : dt =    3.786e-04; maxcfl (step) =    0.900; Final time =       0.0738
Level 8 step   195 : dt =    3.786e-04; maxcfl (step) =    0.900; Final time =       0.0742
Level 8 step   196 : dt =    3.786e-04; maxcfl (step) =    0.900; Final time =       0.0746
Level 8 step   197 : dt =    3.786e-04; maxcfl (step) =    0.900; Final time =       0.0750
Level 8 step   198 : dt =    3.786e-04; maxcfl (step) =    0.900; Final time =       0.0753
Level 8 step   199 : dt =    3.786e-04; maxcfl (step) =    0.900; Final time =       0.0757
Level 8 step   200 : dt =    3.786e-04; maxcfl (step) =    0.900; Final time =       0.0761
Level 8 step   201 : dt =    3.786e-04; maxcfl (step) =    0.900; Final time =       0.0765
Level 8 step   202 : dt =    3.786e-04; maxcfl (step) =    0.900; Final time =       0.0769
Level 8 step   203 : dt =    3.786e-04; maxcfl (step) =    0.900; Final time =       0.0772
Level 8 step   204 : dt =    3.786e-04; maxcfl (step) =    0.900; Final time =       0.0776
Level 8 step   205 : dt =    3.786e-04; maxcfl (step) =    0.900; Final time =       0.0780
Level 8 step   206 : dt =    3.786e-04; maxcfl (step) =    0.900; Final time =       0.0784
Level 8 step   207 : dt =    3.786e-04; maxcfl (step) =    0.900; Final time =       0.0787
Level 8 step   208 : dt =    3.786e-04; maxcfl (step) =    0.900; Final time =       0.0791
Level 8 step   209 : dt =    3.786e-04; maxcfl (step) =    0.900; Final time =       0.0795
Level 8 step   210 : dt =    3.786e-04; maxcfl (step) =    0.900; Final time =       0.0799
Level 8 step   211 : dt =    3.786e-04; maxcfl (step) =    0.900; Final time =       0.0803
Level 8 step   212 : dt =    3.786e-04; maxcfl (step) =    0.900; Final time =       0.0806
Level 8 step   213 : dt =    3.786e-04; maxcfl (step) =    0.900; Final time =       0.0810
Level 8 step   214 : dt =    3.786e-04; maxcfl (step) =    0.900; Final time =       0.0814
Level 8 step   215 : dt =    3.786e-04; maxcfl (step) =    0.900; Final time =       0.0818
Level 8 step   216 : dt =    3.786e-04; maxcfl (step) =    0.900; Final time =       0.0822
Level 8 step   217 : dt =    3.786e-04; maxcfl (step) =    0.900; Final time =       0.0825
Level 8 step   218 : dt =    3.786e-04; maxcfl (step) =    0.900; Final time =       0.0829
Level 8 step   219 : dt =    3.786e-04; maxcfl (step) =    0.900; Final time =       0.0833
Level 8 step   220 : dt =    3.786e-04; maxcfl (step) =    0.900; Final time =       0.0837
Level 8 step   221 : dt =    3.786e-04; maxcfl (step) =    0.900; Final time =       0.0840
Level 8 step   222 : dt =    3.786e-04; maxcfl (step) =    0.900; Final time =       0.0844
Level 8 step   223 : dt =    3.786e-04; maxcfl (step) =    0.900; Final time =       0.0848
Level 8 step   224 : dt =    3.786e-04; maxcfl (step) =    0.900; Final time =       0.0852
Level 8 step   225 : dt =    3.786e-04; maxcfl (step) =    0.900; Final time =       0.0856
Level 8 step   226 : dt =    3.786e-04; maxcfl (step) =    0.900; Final time =       0.0859
Level 8 step   227 : dt =    3.786e-04; maxcfl (step) =    0.900; Final time =       0.0863
Level 8 step   228 : dt =    3.786e-04; maxcfl (step) =    0.900; Final time =       0.0867
Level 8 step   229 : dt =    3.786e-04; maxcfl (step) =    0.900; Final time =       0.0871
Level 8 step   230 : dt =    3.786e-04; maxcfl (step) =    0.900; Final time =       0.0875
Level 8 step   231 : dt =    3.786e-04; maxcfl (step) =    0.900; Final time =       0.0878
Level 8 step   232 : dt =    3.786e-04; maxcfl (step) =    0.900; Final time =       0.0882
Level 8 step   233 : dt =    3.786e-04; maxcfl (step) =    0.900; Final time =       0.0886
Level 8 step   234 : dt =    3.786e-04; maxcfl (step) =    0.900; Final time =       0.0890
Level 8 step   235 : dt =    3.786e-04; maxcfl (step) =    0.900; Final time =       0.0893
Level 8 step   236 : dt =    3.786e-04; maxcfl (step) =    0.900; Final time =       0.0897
Level 8 step   237 : dt =    3.786e-04; maxcfl (step) =    0.900; Final time =       0.0901
Level 8 step   238 : dt =    3.786e-04; maxcfl (step) =    0.900; Final time =       0.0905
Level 8 step   239 : dt =    3.786e-04; maxcfl (step) =    0.900; Final time =       0.0909
Level 8 step   240 : dt =    3.786e-04; maxcfl (step) =    0.900; Final time =       0.0912
Level 8 step   241 : dt =    3.786e-04; maxcfl (step) =    0.900; Final time =       0.0916
Level 8 step   242 : dt =    3.786e-04; maxcfl (step) =    0.900; Final time =       0.0920
Level 8 step   243 : dt =    3.786e-04; maxcfl (step) =    0.900; Final time =       0.0924
Level 8 step   244 : dt =    3.786e-04; maxcfl (step) =    0.900; Final time =       0.0928
Level 8 step   245 : dt =    3.786e-04; maxcfl (step) =    0.900; Final time =       0.0931
Level 8 step   246 : dt =    3.786e-04; maxcfl (step) =    0.900; Final time =       0.0935
Level 8 step   247 : dt =    3.786e-04; maxcfl (step) =    0.900; Final time =       0.0939
Level 8 step   248 : dt =    3.786e-04; maxcfl (step) =    0.900; Final time =       0.0943
Level 8 step   249 : dt =    3.786e-04; maxcfl (step) =    0.900; Final time =       0.0946
Level 8 step   250 : dt =    3.786e-04; maxcfl (step) =    0.900; Final time =       0.0950
Level 8 step   251 : dt =    3.786e-04; maxcfl (step) =    0.900; Final time =       0.0954
Level 8 step   252 : dt =    3.786e-04; maxcfl (step) =    0.900; Final time =       0.0958
Level 8 step   253 : dt =    3.786e-04; maxcfl (step) =    0.900; Final time =       0.0962
Level 8 step   254 : dt =    3.786e-04; maxcfl (step) =    0.900; Final time =       0.0965
Level 8 step   255 : dt =    3.786e-04; maxcfl (step) =    0.900; Final time =       0.0969
Level 8 step   256 : dt =    3.786e-04; maxcfl (step) =    0.900; Final time =       0.0973
Level 8 step   257 : dt =    3.786e-04; maxcfl (step) =    0.900; Final time =       0.0977
Level 8 step   258 : dt =    3.786e-04; maxcfl (step) =    0.900; Final time =       0.0981
Level 8 step   259 : dt =    3.786e-04; maxcfl (step) =    0.900; Final time =       0.0984
Level 8 step   260 : dt =    3.786e-04; maxcfl (step) =    0.900; Final time =       0.0988
Level 8 step   261 : dt =    3.786e-04; maxcfl (step) =    0.900; Final time =       0.0992
Level 8 step   262 : dt =    3.786e-04; maxcfl (step) =    0.900; Final time =       0.0996
Level 8 step   263 : dt =    3.786e-04; maxcfl (step) =    0.900; Final time =       0.0999
Level 8 step   264 : dt =    3.786e-04; maxcfl (step) =    0.900; Final time =       0.1003
Level 8 step   265 : dt =    3.786e-04; maxcfl (step) =    0.900; Final time =       0.1007
Level 8 step   266 : dt =    3.786e-04; maxcfl (step) =    0.900; Final time =       0.1011
Level 8 step   267 : dt =    3.786e-04; maxcfl (step) =    0.900; Final time =       0.1015
Level 8 step   268 : dt =    3.786e-04; maxcfl (step) =    0.900; Final time =       0.1018
Level 8 step   269 : dt =    3.786e-04; maxcfl (step) =    0.900; Final time =       0.1022
Level 8 step   270 : dt =    3.786e-04; maxcfl (step) =    0.900; Final time =       0.1026
Level 8 step   271 : dt =    3.786e-04; maxcfl (step) =    0.900; Final time =       0.1030
Level 8 step   272 : dt =    3.786e-04; maxcfl (step) =    0.900; Final time =       0.1034
Level 8 step   273 : dt =    3.786e-04; maxcfl (step) =    0.900; Final time =       0.1037
Level 8 step   274 : dt =    3.786e-04; maxcfl (step) =    0.900; Final time =       0.1041
Level 8 step   275 : dt =    3.786e-04; maxcfl (step) =    0.900; Final time =       0.1045
Level 8 step   276 : dt =    3.786e-04; maxcfl (step) =    0.900; Final time =       0.1049
Level 8 step   277 : dt =    3.786e-04; maxcfl (step) =    0.900; Final time =       0.1052
Level 8 step   278 : dt =    3.786e-04; maxcfl (step) =    0.900; Final time =       0.1056
Level 8 step   279 : dt =    3.786e-04; maxcfl (step) =    0.900; Final time =       0.1060
Level 8 step   280 : dt =    3.786e-04; maxcfl (step) =    0.900; Final time =       0.1064
Level 8 step   281 : dt =    3.786e-04; maxcfl (step) =    0.900; Final time =       0.1068
Level 8 step   282 : dt =    3.786e-04; maxcfl (step) =    0.900; Final time =       0.1071
Level 8 step   283 : dt =    3.786e-04; maxcfl (step) =    0.900; Final time =       0.1075
Level 8 step   284 : dt =    3.786e-04; maxcfl (step) =    0.900; Final time =       0.1079
Level 8 step   285 : dt =    3.786e-04; maxcfl (step) =    0.900; Final time =       0.1083
Level 8 step   286 : dt =    3.786e-04; maxcfl (step) =    0.900; Final time =       0.1087
Level 8 step   287 : dt =    3.786e-04; maxcfl (step) =    0.900; Final time =       0.1090
Level 8 step   288 : dt =    3.786e-04; maxcfl (step) =    0.900; Final time =       0.1094
Level 8 step   289 : dt =    3.786e-04; maxcfl (step) =    0.900; Final time =       0.1098
Level 8 step   290 : dt =    3.786e-04; maxcfl (step) =    0.900; Final time =       0.1102
Level 8 step   291 : dt =    3.786e-04; maxcfl (step) =    0.900; Final time =       0.1105
Level 8 step   292 : dt =    3.786e-04; maxcfl (step) =    0.900; Final time =       0.1109
Level 8 step   293 : dt =    3.786e-04; maxcfl (step) =    0.900; Final time =       0.1113
Level 8 step   294 : dt =    3.786e-04; maxcfl (step) =    0.900; Final time =       0.1117
Level 8 step   295 : dt =    3.786e-04; maxcfl (step) =    0.900; Final time =       0.1121
Level 8 step   296 : dt =    3.786e-04; maxcfl (step) =    0.900; Final time =       0.1124
Level 8 step   297 : dt =    3.786e-04; maxcfl (step) =    0.900; Final time =       0.1128
Level 8 step   298 : dt =    3.786e-04; maxcfl (step) =    0.900; Final time =       0.1132
Level 8 step   299 : dt =    3.786e-04; maxcfl (step) =    0.900; Final time =       0.1136
Level 8 step   300 : dt =    3.786e-04; maxcfl (step) =    0.900; Final time =       0.1140
Level 8 step   301 : dt =    3.786e-04; maxcfl (step) =    0.900; Final time =       0.1143
Level 8 step   302 : dt =    3.786e-04; maxcfl (step) =    0.900; Final time =       0.1147
Level 8 step   303 : dt =    3.786e-04; maxcfl (step) =    0.900; Final time =       0.1151
Level 8 step   304 : dt =    3.786e-04; maxcfl (step) =    0.900; Final time =       0.1155
Level 8 step   305 : dt =    3.786e-04; maxcfl (step) =    0.900; Final time =       0.1158
Level 8 step   306 : dt =    3.786e-04; maxcfl (step) =    0.900; Final time =       0.1162
Level 8 step   307 : dt =    3.786e-04; maxcfl (step) =    0.900; Final time =       0.1166
Level 8 step   308 : dt =    3.786e-04; maxcfl (step) =    0.900; Final time =       0.1170
Level 8 step   309 : dt =    3.786e-04; maxcfl (step) =    0.900; Final time =       0.1174
Level 8 step   310 : dt =    3.786e-04; maxcfl (step) =    0.900; Final time =       0.1177
Level 8 step   311 : dt =    3.786e-04; maxcfl (step) =    0.900; Final time =       0.1181
Level 8 step   312 : dt =    3.786e-04; maxcfl (step) =    0.900; Final time =       0.1185
Level 8 step   313 : dt =    3.786e-04; maxcfl (step) =    0.900; Final time =       0.1189
Level 8 step   314 : dt =    3.786e-04; maxcfl (step) =    0.900; Final time =       0.1193
Level 8 step   315 : dt =    3.786e-04; maxcfl (step) =    0.900; Final time =       0.1196
Level 8 step   316 : dt =    3.786e-04; maxcfl (step) =    0.900; Final time =       0.1200
Level 8 step   317 : dt =    3.786e-04; maxcfl (step) =    0.900; Final time =       0.1204
Level 8 step   318 : dt =    3.786e-04; maxcfl (step) =    0.900; Final time =       0.1208
Level 8 step   319 : dt =    3.786e-04; maxcfl (step) =    0.900; Final time =       0.1211
Level 8 step   320 : dt =    3.786e-04; maxcfl (step) =    0.900; Final time =       0.1215
Level 8 step   321 : dt =    3.786e-04; maxcfl (step) =    0.900; Final time =       0.1219
Level 8 step   322 : dt =    3.786e-04; maxcfl (step) =    0.900; Final time =       0.1223
Level 8 step   323 : dt =    3.786e-04; maxcfl (step) =    0.900; Final time =       0.1227
Level 8 step   324 : dt =    3.786e-04; maxcfl (step) =    0.900; Final time =       0.1230
Level 8 step   325 : dt =    3.786e-04; maxcfl (step) =    0.900; Final time =       0.1234
Level 8 step   326 : dt =    3.786e-04; maxcfl (step) =    0.900; Final time =       0.1238
Level 8 step   327 : dt =    3.786e-04; maxcfl (step) =    0.900; Final time =       0.1242
Level 8 step   328 : dt =    3.786e-04; maxcfl (step) =    0.900; Final time =       0.1246
Level 8 step   329 : dt =    3.786e-04; maxcfl (step) =    0.900; Final time =       0.1249
Level 8 step   330 : dt =    3.786e-04; maxcfl (step) =    0.900; Final time =       0.1253
Level 8 step   331 : dt =    3.786e-04; maxcfl (step) =    0.900; Final time =       0.1257
Level 8 step   332 : dt =    3.786e-04; maxcfl (step) =    0.900; Final time =       0.1261
Level 8 step   333 : dt =    3.786e-04; maxcfl (step) =    0.900; Final time =       0.1264
Level 8 step   334 : dt =    3.786e-04; maxcfl (step) =    0.900; Final time =       0.1268
Level 8 step   335 : dt =    3.786e-04; maxcfl (step) =    0.900; Final time =       0.1272
Level 8 step   336 : dt =    3.786e-04; maxcfl (step) =    0.900; Final time =       0.1276
Level 8 step   337 : dt =    3.786e-04; maxcfl (step) =    0.900; Final time =       0.1280
Level 8 step   338 : dt =    3.786e-04; maxcfl (step) =    0.900; Final time =       0.1283
Level 8 step   339 : dt =    3.786e-04; maxcfl (step) =    0.900; Final time =       0.1287
Level 8 step   340 : dt =    3.786e-04; maxcfl (step) =    0.900; Final time =       0.1291
Level 8 step   341 : dt =    3.786e-04; maxcfl (step) =    0.900; Final time =       0.1295
Level 8 step   342 : dt =    3.786e-04; maxcfl (step) =    0.900; Final time =       0.1299
Level 8 step   343 : dt =    3.786e-04; maxcfl (step) =    0.900; Final time =       0.1302
Level 8 step   344 : dt =    3.786e-04; maxcfl (step) =    0.900; Final time =       0.1306
Level 8 step   345 : dt =    3.786e-04; maxcfl (step) =    0.900; Final time =       0.1310
Level 8 step   346 : dt =    3.786e-04; maxcfl (step) =    0.900; Final time =       0.1314
Level 8 step   347 : dt =    3.786e-04; maxcfl (step) =    0.900; Final time =       0.1317
Level 8 step   348 : dt =    3.786e-04; maxcfl (step) =    0.900; Final time =       0.1321
Level 8 step   349 : dt =    3.786e-04; maxcfl (step) =    0.900; Final time =       0.1325
Level 8 step   350 : dt =    3.786e-04; maxcfl (step) =    0.900; Final time =       0.1329
Level 8 step   351 : dt =    3.786e-04; maxcfl (step) =    0.900; Final time =       0.1333
Level 8 step   352 : dt =    3.786e-04; maxcfl (step) =    0.900; Final time =       0.1336
Level 8 step   353 : dt =    3.786e-04; maxcfl (step) =    0.900; Final time =       0.1340
Level 8 step   354 : dt =    3.786e-04; maxcfl (step) =    0.900; Final time =       0.1344
Level 8 step   355 : dt =    3.786e-04; maxcfl (step) =    0.900; Final time =       0.1348
Level 8 step   356 : dt =    3.786e-04; maxcfl (step) =    0.900; Final time =       0.1352
Level 8 step   357 : dt =    3.786e-04; maxcfl (step) =    0.900; Final time =       0.1355
Level 8 step   358 : dt =    3.786e-04; maxcfl (step) =    0.900; Final time =       0.1359
Level 8 step   359 : dt =    3.786e-04; maxcfl (step) =    0.900; Final time =       0.1363
Level 8 step   360 : dt =    3.786e-04; maxcfl (step) =    0.900; Final time =       0.1367
Level 8 step   361 : dt =    3.786e-04; maxcfl (step) =    0.900; Final time =       0.1370
Level 8 step   362 : dt =    3.786e-04; maxcfl (step) =    0.900; Final time =       0.1374
Level 8 step   363 : dt =    3.786e-04; maxcfl (step) =    0.900; Final time =       0.1378
Level 8 step   364 : dt =    3.786e-04; maxcfl (step) =    0.900; Final time =       0.1382
Level 8 step   365 : dt =    3.786e-04; maxcfl (step) =    0.900; Final time =       0.1386
Level 8 step   366 : dt =    3.786e-04; maxcfl (step) =    0.900; Final time =       0.1389
Level 8 step   367 : dt =    3.786e-04; maxcfl (step) =    0.900; Final time =       0.1393
Level 8 step   368 : dt =    3.786e-04; maxcfl (step) =    0.900; Final time =       0.1397
Level 8 step   369 : dt =    3.786e-04; maxcfl (step) =    0.900; Final time =       0.1401
Level 8 step   370 : dt =    3.786e-04; maxcfl (step) =    0.900; Final time =       0.1405
Level 8 step   371 : dt =    3.786e-04; maxcfl (step) =    0.900; Final time =       0.1408
Level 8 step   372 : dt =    3.786e-04; maxcfl (step) =    0.900; Final time =       0.1412
Level 8 step   373 : dt =    3.786e-04; maxcfl (step) =    0.900; Final time =       0.1416
Level 8 step   374 : dt =    3.786e-04; maxcfl (step) =    0.900; Final time =       0.1420
Level 8 step   375 : dt =    3.786e-04; maxcfl (step) =    0.900; Final time =       0.1423
Level 8 step   376 : dt =    3.786e-04; maxcfl (step) =    0.900; Final time =       0.1427
Level 8 step   377 : dt =    3.786e-04; maxcfl (step) =    0.900; Final time =       0.1431
Level 8 step   378 : dt =    3.786e-04; maxcfl (step) =    0.900; Final time =       0.1435
Level 8 step   379 : dt =    3.786e-04; maxcfl (step) =    0.900; Final time =       0.1439
Level 8 step   380 : dt =    3.786e-04; maxcfl (step) =    0.900; Final time =       0.1442
Level 8 step   381 : dt =    3.786e-04; maxcfl (step) =    0.900; Final time =       0.1446
Level 8 step   382 : dt =    3.786e-04; maxcfl (step) =    0.900; Final time =       0.1450
Level 8 step   383 : dt =    3.786e-04; maxcfl (step) =    0.900; Final time =       0.1454
Level 8 step   384 : dt =    3.786e-04; maxcfl (step) =    0.900; Final time =       0.1458
Level 8 step   385 : dt =    3.786e-04; maxcfl (step) =    0.900; Final time =       0.1461
Level 8 step   386 : dt =    3.786e-04; maxcfl (step) =    0.900; Final time =       0.1465
Level 8 step   387 : dt =    3.786e-04; maxcfl (step) =    0.900; Final time =       0.1469
Level 8 step   388 : dt =    3.786e-04; maxcfl (step) =    0.900; Final time =       0.1473
Level 8 step   389 : dt =    3.786e-04; maxcfl (step) =    0.900; Final time =       0.1476
Level 8 step   390 : dt =    3.786e-04; maxcfl (step) =    0.900; Final time =       0.1480
Level 8 step   391 : dt =    3.786e-04; maxcfl (step) =    0.900; Final time =       0.1484
Level 8 step   392 : dt =    3.786e-04; maxcfl (step) =    0.900; Final time =       0.1488
Level 8 step   393 : dt =    3.786e-04; maxcfl (step) =    0.900; Final time =       0.1492
Level 8 step   394 : dt =    3.786e-04; maxcfl (step) =    0.900; Final time =       0.1495
Level 8 step   395 : dt =    3.786e-04; maxcfl (step) =    0.900; Final time =       0.1499
Level 8 step   396 : dt =    3.786e-04; maxcfl (step) =    0.900; Final time =       0.1503
Level 8 step   397 : dt =    3.786e-04; maxcfl (step) =    0.900; Final time =       0.1507
Level 8 step   398 : dt =    3.786e-04; maxcfl (step) =    0.900; Final time =       0.1511
Level 8 step   399 : dt =    3.786e-04; maxcfl (step) =    0.900; Final time =       0.1514
Level 8 step   400 : dt =    3.786e-04; maxcfl (step) =    0.900; Final time =       0.1518
Level 8 step   401 : dt =    3.786e-04; maxcfl (step) =    0.900; Final time =       0.1522
Level 8 step   402 : dt =    3.786e-04; maxcfl (step) =    0.900; Final time =       0.1526
Level 8 step   403 : dt =    3.786e-04; maxcfl (step) =    0.900; Final time =       0.1529
Level 8 step   404 : dt =    3.786e-04; maxcfl (step) =    0.900; Final time =       0.1533
Level 8 step   405 : dt =    3.786e-04; maxcfl (step) =    0.900; Final time =       0.1537
Level 8 step   406 : dt =    3.786e-04; maxcfl (step) =    0.900; Final time =       0.1541
Level 8 step   407 : dt =    3.786e-04; maxcfl (step) =    0.900; Final time =       0.1545
Level 8 step   408 : dt =    3.786e-04; maxcfl (step) =    0.900; Final time =       0.1548
Level 8 step   409 : dt =    3.786e-04; maxcfl (step) =    0.900; Final time =       0.1552
Level 8 step   410 : dt =    3.786e-04; maxcfl (step) =    0.900; Final time =       0.1556
Level 8 step   411 : dt =    3.786e-04; maxcfl (step) =    0.900; Final time =       0.1560
Level 8 step   412 : dt =    3.786e-04; maxcfl (step) =    0.900; Final time =       0.1564
Level 8 step   413 : dt =    3.786e-04; maxcfl (step) =    0.900; Final time =       0.1567
Level 8 step   414 : dt =    3.786e-04; maxcfl (step) =    0.900; Final time =       0.1571
Level 8 step   415 : dt =    3.786e-04; maxcfl (step) =    0.900; Final time =       0.1575
Level 8 step   416 : dt =    3.786e-04; maxcfl (step) =    0.900; Final time =       0.1579
Level 8 step   417 : dt =    3.786e-04; maxcfl (step) =    0.900; Final time =       0.1582
Level 8 step   418 : dt =    3.786e-04; maxcfl (step) =    0.900; Final time =       0.1586
Level 8 step   419 : dt =    3.786e-04; maxcfl (step) =    0.900; Final time =       0.1590
Level 8 step   420 : dt =    3.786e-04; maxcfl (step) =    0.900; Final time =       0.1594
Level 8 step   421 : dt =    3.786e-04; maxcfl (step) =    0.900; Final time =       0.1598
Level 8 step   422 : dt =    3.786e-04; maxcfl (step) =    0.900; Final time =       0.1601
Level 8 step   423 : dt =    3.786e-04; maxcfl (step) =    0.900; Final time =       0.1605
Level 8 step   424 : dt =    3.786e-04; maxcfl (step) =    0.900; Final time =       0.1609
Level 8 step   425 : dt =    3.786e-04; maxcfl (step) =    0.900; Final time =       0.1613
Level 8 step   426 : dt =    3.786e-04; maxcfl (step) =    0.900; Final time =       0.1617
Level 8 step   427 : dt =    3.786e-04; maxcfl (step) =    0.900; Final time =       0.1620
Level 8 step   428 : dt =    3.786e-04; maxcfl (step) =    0.900; Final time =       0.1624
Level 8 step   429 : dt =    3.786e-04; maxcfl (step) =    0.900; Final time =       0.1628
Level 8 step   430 : dt =    3.786e-04; maxcfl (step) =    0.900; Final time =       0.1632
Level 8 step   431 : dt =    3.786e-04; maxcfl (step) =    0.900; Final time =       0.1635
Level 8 step   432 : dt =    3.786e-04; maxcfl (step) =    0.900; Final time =       0.1639
Level 8 step   433 : dt =    3.786e-04; maxcfl (step) =    0.900; Final time =       0.1643
Level 8 step   434 : dt =    3.786e-04; maxcfl (step) =    0.900; Final time =       0.1647
Level 8 step   435 : dt =    3.786e-04; maxcfl (step) =    0.900; Final time =       0.1651
Level 8 step   436 : dt =    3.786e-04; maxcfl (step) =    0.900; Final time =       0.1654
Level 8 step   437 : dt =    3.786e-04; maxcfl (step) =    0.900; Final time =       0.1658
Level 8 step   438 : dt =    3.786e-04; maxcfl (step) =    0.900; Final time =       0.1662
Level 8 step   439 : dt =    3.786e-04; maxcfl (step) =    0.900; Final time =       0.1666
Level 8 step   440 : dt =    3.786e-04; maxcfl (step) =    0.900; Final time =       0.1670
Level 8 step   441 : dt =    3.786e-04; maxcfl (step) =    0.900; Final time =       0.1673
Level 8 step   442 : dt =    3.786e-04; maxcfl (step) =    0.900; Final time =       0.1677
Level 8 step   443 : dt =    3.786e-04; maxcfl (step) =    0.900; Final time =       0.1681
Level 8 step   444 : dt =    3.786e-04; maxcfl (step) =    0.900; Final time =       0.1685
Level 8 step   445 : dt =    3.786e-04; maxcfl (step) =    0.900; Final time =       0.1688
Level 8 step   446 : dt =    3.786e-04; maxcfl (step) =    0.900; Final time =       0.1692
Level 8 step   447 : dt =    3.786e-04; maxcfl (step) =    0.900; Final time =       0.1696
Level 8 step   448 : dt =    3.786e-04; maxcfl (step) =    0.900; Final time =       0.1700
Level 8 step   449 : dt =    3.786e-04; maxcfl (step) =    0.900; Final time =       0.1704
Level 8 step   450 : dt =    3.786e-04; maxcfl (step) =    0.900; Final time =       0.1707
Level 8 step   451 : dt =    3.786e-04; maxcfl (step) =    0.900; Final time =       0.1711
Level 8 step   452 : dt =    3.786e-04; maxcfl (step) =    0.900; Final time =       0.1715
Level 8 step   453 : dt =    3.786e-04; maxcfl (step) =    0.900; Final time =       0.1719
Level 8 step   454 : dt =    3.786e-04; maxcfl (step) =    0.900; Final time =       0.1723
Level 8 step   455 : dt =    3.786e-04; maxcfl (step) =    0.900; Final time =       0.1726
Level 8 step   456 : dt =    3.786e-04; maxcfl (step) =    0.900; Final time =       0.1730
Level 8 step   457 : dt =    3.786e-04; maxcfl (step) =    0.900; Final time =       0.1734
Level 8 step   458 : dt =    3.786e-04; maxcfl (step) =    0.900; Final time =       0.1738
Level 8 step   459 : dt =    3.786e-04; maxcfl (step) =    0.900; Final time =       0.1741
Level 8 step   460 : dt =    3.786e-04; maxcfl (step) =    0.900; Final time =       0.1745
Level 8 step   461 : dt =    3.786e-04; maxcfl (step) =    0.900; Final time =       0.1749
Level 8 step   462 : dt =    3.786e-04; maxcfl (step) =    0.900; Final time =       0.1753
Level 8 step   463 : dt =    3.786e-04; maxcfl (step) =    0.900; Final time =       0.1757
Level 8 step   464 : dt =    3.786e-04; maxcfl (step) =    0.900; Final time =       0.1760
Level 8 step   465 : dt =    3.786e-04; maxcfl (step) =    0.900; Final time =       0.1764
Level 8 step   466 : dt =    3.786e-04; maxcfl (step) =    0.900; Final time =       0.1768
Level 8 step   467 : dt =    3.786e-04; maxcfl (step) =    0.900; Final time =       0.1772
Level 8 step   468 : dt =    3.786e-04; maxcfl (step) =    0.900; Final time =       0.1776
Level 8 step   469 : dt =    3.786e-04; maxcfl (step) =    0.900; Final time =       0.1779
Level 8 step   470 : dt =    3.786e-04; maxcfl (step) =    0.900; Final time =       0.1783
Level 8 step   471 : dt =    3.786e-04; maxcfl (step) =    0.900; Final time =       0.1787
Level 8 step   472 : dt =    3.786e-04; maxcfl (step) =    0.900; Final time =       0.1791
Level 8 step   473 : dt =    3.786e-04; maxcfl (step) =    0.900; Final time =       0.1794
Level 8 step   474 : dt =    3.786e-04; maxcfl (step) =    0.900; Final time =       0.1798
Level 8 step   475 : dt =    3.786e-04; maxcfl (step) =    0.900; Final time =       0.1802
Level 8 step   476 : dt =    3.786e-04; maxcfl (step) =    0.900; Final time =       0.1806
Level 8 step   477 : dt =    3.786e-04; maxcfl (step) =    0.900; Final time =       0.1810
Level 8 step   478 : dt =    3.786e-04; maxcfl (step) =    0.900; Final time =       0.1813
Level 8 step   479 : dt =    3.786e-04; maxcfl (step) =    0.900; Final time =       0.1817
Level 8 step   480 : dt =    3.786e-04; maxcfl (step) =    0.900; Final time =       0.1821
Level 8 step   481 : dt =    3.786e-04; maxcfl (step) =    0.900; Final time =       0.1825
Level 8 step   482 : dt =    3.786e-04; maxcfl (step) =    0.900; Final time =       0.1829
Level 8 step   483 : dt =    3.786e-04; maxcfl (step) =    0.900; Final time =       0.1832
Level 8 step   484 : dt =    3.786e-04; maxcfl (step) =    0.900; Final time =       0.1836
Level 8 step   485 : dt =    3.786e-04; maxcfl (step) =    0.900; Final time =       0.1840
Level 8 step   486 : dt =    3.786e-04; maxcfl (step) =    0.900; Final time =       0.1844
Level 8 step   487 : dt =    3.786e-04; maxcfl (step) =    0.900; Final time =       0.1847
Level 8 step   488 : dt =    3.786e-04; maxcfl (step) =    0.900; Final time =       0.1851
Level 8 step   489 : dt =    3.786e-04; maxcfl (step) =    0.900; Final time =       0.1855
Level 8 step   490 : dt =    3.786e-04; maxcfl (step) =    0.900; Final time =       0.1859
Level 8 step   491 : dt =    3.786e-04; maxcfl (step) =    0.900; Final time =       0.1863
Level 8 step   492 : dt =    3.786e-04; maxcfl (step) =    0.900; Final time =       0.1866
Level 8 step   493 : dt =    3.786e-04; maxcfl (step) =    0.900; Final time =       0.1870
Level 8 step   494 : dt =    3.786e-04; maxcfl (step) =    0.900; Final time =       0.1874
Level 8 step   495 : dt =    3.786e-04; maxcfl (step) =    0.900; Final time =       0.1878
Level 8 step   496 : dt =    3.786e-04; maxcfl (step) =    0.900; Final time =       0.1882
Level 8 step   497 : dt =    3.786e-04; maxcfl (step) =    0.900; Final time =       0.1885
Level 8 step   498 : dt =    3.786e-04; maxcfl (step) =    0.900; Final time =       0.1889
Level 8 step   499 : dt =    3.786e-04; maxcfl (step) =    0.900; Final time =       0.1893
Level 8 step   500 : dt =    3.786e-04; maxcfl (step) =    0.900; Final time =       0.1897
Level 8 step   501 : dt =    3.786e-04; maxcfl (step) =    0.900; Final time =       0.1900
Level 8 step   502 : dt =    3.786e-04; maxcfl (step) =    0.900; Final time =       0.1904
Level 8 step   503 : dt =    3.786e-04; maxcfl (step) =    0.900; Final time =       0.1908
Level 8 step   504 : dt =    3.786e-04; maxcfl (step) =    0.900; Final time =       0.1912
Level 8 step   505 : dt =    3.786e-04; maxcfl (step) =    0.900; Final time =       0.1916
Level 8 step   506 : dt =    3.786e-04; maxcfl (step) =    0.900; Final time =       0.1919
Level 8 step   507 : dt =    3.786e-04; maxcfl (step) =    0.900; Final time =       0.1923
Level 8 step   508 : dt =    3.786e-04; maxcfl (step) =    0.900; Final time =       0.1927
Level 8 step   509 : dt =    3.786e-04; maxcfl (step) =    0.900; Final time =       0.1931
Level 8 step   510 : dt =    3.786e-04; maxcfl (step) =    0.900; Final time =       0.1935
Level 8 step   511 : dt =    3.786e-04; maxcfl (step) =    0.900; Final time =       0.1938
Level 8 step   512 : dt =    3.786e-04; maxcfl (step) =    0.900; Final time =       0.1942
Level 8 step   513 : dt =    3.786e-04; maxcfl (step) =    0.900; Final time =       0.1946
Level 8 step   514 : dt =    3.786e-04; maxcfl (step) =    0.900; Final time =       0.1950
Level 8 step   515 : dt =    3.786e-04; maxcfl (step) =    0.900; Final time =       0.1953
Level 8 step   516 : dt =    3.786e-04; maxcfl (step) =    0.900; Final time =       0.1957
Level 8 step   517 : dt =    3.786e-04; maxcfl (step) =    0.900; Final time =       0.1961
Level 8 step   518 : dt =    3.786e-04; maxcfl (step) =    0.900; Final time =       0.1965
Level 8 step   519 : dt =    3.786e-04; maxcfl (step) =    0.900; Final time =       0.1969
Level 8 step   520 : dt =    3.786e-04; maxcfl (step) =    0.900; Final time =       0.1972
Level 8 step   521 : dt =    3.786e-04; maxcfl (step) =    0.900; Final time =       0.1976
Level 8 step   522 : dt =    3.786e-04; maxcfl (step) =    0.900; Final time =       0.1980
Level 8 step   523 : dt =    3.786e-04; maxcfl (step) =    0.900; Final time =       0.1984
Level 8 step   524 : dt =    3.786e-04; maxcfl (step) =    0.900; Final time =       0.1988
Level 8 step   525 : dt =    3.786e-04; maxcfl (step) =    0.900; Final time =       0.1991
Level 8 step   526 : dt =    3.786e-04; maxcfl (step) =    0.900; Final time =       0.1995
Level 8 step   527 : dt =    3.786e-04; maxcfl (step) =    0.900; Final time =       0.1999
Level 8 step   528 : dt =    1.082e-04; maxcfl (step) =    0.257; Final time =       0.2000
   WARNING : Took small time step which was   28.6% of desired dt.
[libsc] Statistics for INIT
[libsc]    Global number of values:    16
[libsc]    Mean value (std. dev.):         12.741 (0.0703 = 0.552%)
[libsc]    Minimum attained at rank     6: 12.6291
[libsc]    Maximum attained at rank    10: 12.9212
[libsc] Statistics for REGRID
[libsc]    Global number of values:    16
[libsc]    Mean value (std. dev.):         0 (0)
[libsc]    Minimum attained at rank     0: 0
[libsc]    Maximum attained at rank     0: 0
[libsc] Statistics for OUTPUT
[libsc]    Global number of values:    16
[libsc]    Mean value (std. dev.):         7.30157e-07 (7.42e-07 = 102%)
[libsc]    Minimum attained at rank     0: 0
[libsc]    Maximum attained at rank     1: 2.14577e-06
[libsc] Statistics for CHECK
[libsc]    Global number of values:    16
[libsc]    Mean value (std. dev.):         0 (0)
[libsc]    Minimum attained at rank     0: 0
[libsc]    Maximum attained at rank     0: 0
[libsc] Statistics for ADVANCE
[libsc]    Global number of values:    16
[libsc]    Mean value (std. dev.):         1875.55 (46.8 = 2.5%)
[libsc]    Minimum attained at rank    13: 1810.58
[libsc]    Maximum attained at rank     2: 1972.68
[libsc] Statistics for EXCHANGE
[libsc]    Global number of values:    16
[libsc]    Mean value (std. dev.):         94.8812 (47.1 = 49.6%)
[libsc]    Minimum attained at rank     7: 15.7888
[libsc]    Maximum attained at rank    13: 156.231
[libsc] Statistics for WALLTIME
[libsc]    Global number of values:    16
[libsc]    Mean value (std. dev.):         2013.6 (0.000337 = 1.67e-05%)
[libsc]    Minimum attained at rank    13: 2013.6
[libsc]    Maximum attained at rank    14: 2013.6
[libsc] Statistics for UNACCOUNTED
[libsc]    Global number of values:    16
[libsc]    Mean value (std. dev.):         30.4291 (22.7 = 74.7%)
[libsc]    Minimum attained at rank     3: 11.2542
[libsc]    Maximum attained at rank     7: 88.2623
[libsc] Procs 16 advance 530 1875.55 exchange 530 94.8812 regrid 0 0
[libsc] Max/P 16 advance 530 1972.68 exchange 530 156.231 regrid 0 0
 
TACC: Shutdown complete. Exiting.
